#
# A fatal error has been detected by the Java Runtime Environment:
#
#  EXCEPTION_ACCESS_VIOLATION (0xc0000005) at pc=0x00007ffa34357a32, pid=18208, tid=11408
#
# JRE version: OpenJDK Runtime Environment Temurin-17.0.8.1+1 (17.0.8.1+1) (build 17.0.8.1+1)
# Java VM: OpenJDK 64-Bit Server VM Temurin-17.0.8.1+1 (17.0.8.1+1, mixed mode, sharing, tiered, compressed oops, compressed class ptrs, g1 gc, windows-amd64)
# Problematic frame:
# C  [igxelpicd64.dll+0xa7a32]
#
# No core dump will be written. Minidumps are not enabled by default on client versions of Windows
#
# If you would like to submit a bug report, please visit:
#   https://github.com/adoptium/adoptium-support/issues
#

---------------  S U M M A R Y ------------

Command Line: -agentlib:jdwp=transport=dt_socket,address=8592,server=y,suspend=y,quiet=y -Djna.nosys=true -Djava.library.path=;C:\Program Files\Processing\app\resources\core\library;C:\Program Files\Processing\app\resources\modes\java\libraries\serial\library;C:\Program Files\Processing;C:\Windows\system32;C:\Windows;C:\Program Files\Common Files\Oracle\Java\javapath;C:\Program Files (x86)\Common Files\Oracle\Java\java8path;C:\Program Files (x86)\Common Files\Intel\Shared Libraries\redist\intel64\compiler;C:\Windows\system32;C:\Windows;C:\Windows\System32\Wbem;C:\Windows\System32\WindowsPowerShell\v1.0;C:\Windows\System32\OpenSSH;C:\Program Files\NVIDIA Corporation\NVIDIA NvDLISR;C:\Program Files (x86)\NVIDIA Corporation\PhysX\Common;C:\Program Files\dotnet;C:\Users\CIFOG\AppData\Local\Microsoft\WindowsApps;C:\Users\CIFOG\AppData\Local\GitHubDesktop\bin;C:\Program Files\Processing\app;. -ea processing.core.PApplet --location=0,29 --external --display=1 --sketch-path=C:\Git\arduino-bubbles\video_processing video_processing

Host: 12th Gen Intel(R) Core(TM) i7-12700H, 20 cores, 15G,  Windows 10 , 64 bit Build 19041 (10.0.19041.5915)
Time: Sun Jul 20 15:40:06 2025 Romance Summer Time elapsed time: 48.594416 seconds (0d 0h 0m 48s)

---------------  T H R E A D  ---------------

Current thread (0x000002980c963190):  VMThread "VM Thread" [stack: 0x000000d833700000,0x000000d833800000] [id=11408]

Stack: [0x000000d833700000,0x000000d833800000],  sp=0x000000d8337fe6a0,  free space=1017k
Native frames: (J=compiled Java code, j=interpreted, Vv=VM code, C=native code)
C  [igxelpicd64.dll+0xa7a32]


siginfo: EXCEPTION_ACCESS_VIOLATION (0xc0000005), reading address 0x0000000000035898


Register to memory mapping:

RIP=0x00007ffa34357a32 igxelpicd64.dll
RAX=0x0000029862936cc8 points into unknown readable memory: 0x0000000000005600 | 00 56 00 00 00 00 00 00
RBX=0x0000029862936aa0 points into unknown readable memory: 0x0000029852701690 | 90 16 70 52 98 02 00 00
RCX=0x0 is NULL
RDX=0x00000000fffffff4 is an unknown value
RSP=0x000000d8337fe6a0 points into unknown readable memory: 0x000002985213d350 | 50 d3 13 52 98 02 00 00
RBP=0x0 is NULL
RSI=0x0000029862937070 points into unknown readable memory: 0x000002986292fb10 | 10 fb 92 62 98 02 00 00
RDI=0x0000029854d6e260 points into unknown readable memory: 0x00000298668a0100 | 00 01 8a 66 98 02 00 00
R8 =0x0000000000000014 is an unknown value
R9 =0x0000000000000004 is an unknown value
R10=0x0 is NULL
R11=0x0000000000000246 is an unknown value
R12=0x0000029854d00e00 points into unknown readable memory: 0x00007ffa34dff8d4 | d4 f8 df 34 fa 7f 00 00
R13=0x000002986292fb10 points into unknown readable memory: 0x0000029852701690 | 90 16 70 52 98 02 00 00
R14=0x0000000000005600 is an unknown value
R15=0x0000000000000016 is an unknown value


Registers:
RAX=0x0000029862936cc8, RBX=0x0000029862936aa0, RCX=0x0000000000000000, RDX=0x00000000fffffff4
RSP=0x000000d8337fe6a0, RBP=0x0000000000000000, RSI=0x0000029862937070, RDI=0x0000029854d6e260
R8 =0x0000000000000014, R9 =0x0000000000000004, R10=0x0000000000000000, R11=0x0000000000000246
R12=0x0000029854d00e00, R13=0x000002986292fb10, R14=0x0000000000005600, R15=0x0000000000000016
RIP=0x00007ffa34357a32, EFLAGS=0x0000000000010202

Top of Stack: (sp=0x000000d8337fe6a0)
0x000000d8337fe6a0:   000002985213d350 00007ffadf5df070
0x000000d8337fe6b0:   0000000000000001 00007ffae11b1374
0x000000d8337fe6c0:   0000029866770b70 000000d8337fe769
0x000000d8337fe6d0:   000000d8337fe8f0 0000029866770b44
0x000000d8337fe6e0:   0000000000000012 0000000000005612
0x000000d8337fe6f0:   0000740462e80000 0000029854d00e18
0x000000d8337fe700:   0000000000000000 0000000000000000
0x000000d8337fe710:   000000d8337fe820 00007ffa3433d5df
0x000000d8337fe720:   000002985213d350 0000029854d6e260
0x000000d8337fe730:   000000d8337fe800 0000000000000000
0x000000d8337fe740:   000000d800000ae0 000000d800000000
0x000000d8337fe750:   0000000000000000 00007ffae112cb51
0x000000d8337fe760:   0000029866770b70 000000d8337fe809
0x000000d8337fe770:   000000d8337fe990 0000029866770b44
0x000000d8337fe780:   00007ffae118a350 0000000000000003
0x000000d8337fe790:   000000d8337fe8a0 0000000000000000 

Instructions: (pc=0x00007ffa34357a32)
0x00007ffa34357932:   8b fa 48 8b e9 48 8b 1d 92 c4 f1 00 48 89 58 08
0x00007ffa34357942:   48 8b cb ff 15 dd 48 a9 00 90 4c 8b af 78 02 00
0x00007ffa34357952:   00 48 8b 05 c6 69 e1 00 44 8b b8 a0 0b 00 00 45
0x00007ffa34357962:   33 d2 45 8a f2 4c 89 97 78 02 00 00 44 89 97 80
0x00007ffa34357972:   02 00 00 4c 89 97 a0 02 00 00 4c 89 97 88 02 00
0x00007ffa34357982:   00 48 85 ed 75 38 8b 35 22 9e f1 00 65 48 8b 04
0x00007ffa34357992:   25 58 00 00 00 b9 14 00 00 00 48 8b 04 f0 44 38
0x00007ffa343579a2:   14 01 0f 84 86 98 94 00 65 48 8b 04 25 58 00 00
0x00007ffa343579b2:   00 bd 20 00 00 00 48 8b 04 f0 48 8b 2c 28 48 3b
0x00007ffa343579c2:   2d 79 ab f1 00 45 0f 44 fa 4d 85 ed 0f 84 2b 01
0x00007ffa343579d2:   00 00 44 8a a4 24 90 00 00 00 49 8b dd 49 8d b5
0x00007ffa343579e2:   d0 05 00 00 4c 8b 2e 45 84 e4 0f 85 39 03 00 00
0x00007ffa343579f2:   44 8b 8f c8 01 00 00 48 8b 05 20 69 e1 00 83 b8
0x00007ffa34357a02:   70 03 00 00 02 75 36 41 8d 51 f0 41 83 f9 10 0f
0x00007ffa34357a12:   83 2d 01 00 00 4a 8d 04 cd 21 00 00 00 49 03 c1
0x00007ffa34357a22:   48 8d 04 c3 48 85 c0 0f 85 03 01 00 00 49 8b ca
0x00007ffa34357a32:   48 3b 8d 98 58 03 00 0f 87 fe 97 94 00 48 8d 93
0x00007ffa34357a42:   08 01 00 00 4c 39 93 48 06 00 00 0f 85 69 99 94
0x00007ffa34357a52:   00 44 8b 9f c8 01 00 00 48 8b 87 e0 01 00 00 4c
0x00007ffa34357a62:   8b 10 44 8b 87 c8 01 00 00 41 83 f8 10 0f 83 fc
0x00007ffa34357a72:   00 00 00 4b 8d 0c c0 48 8d 04 ca 48 85 c0 0f 85
0x00007ffa34357a82:   b5 00 00 00 33 c9 49 3b ca 0f 86 11 01 00 00 45
0x00007ffa34357a92:   33 d2 48 8b 87 78 02 00 00 48 89 06 48 89 9f 78
0x00007ffa34357aa2:   02 00 00 ff 87 80 02 00 00 48 8b 43 08 48 8b 88
0x00007ffa34357ab2:   18 01 00 00 48 81 e1 00 00 ff ff 48 81 c1 00 00
0x00007ffa34357ac2:   01 00 48 01 8f 88 02 00 00 48 8b 43 08 48 8b 88
0x00007ffa34357ad2:   18 01 00 00 48 01 8f a0 02 00 00 4d 85 ed 0f 85
0x00007ffa34357ae2:   f6 fe ff ff 45 84 f6 44 8a a4 24 98 00 00 00 0f
0x00007ffa34357af2:   85 11 99 94 00 48 8b 9c 24 80 00 00 00 48 8b cf
0x00007ffa34357b02:   45 84 e4 0f 85 30 02 00 00 e8 d0 fa ff ff 90 48
0x00007ffa34357b12:   8b cb 48 8b 9c 24 88 00 00 00 48 83 c4 40 41 5f
0x00007ffa34357b22:   41 5e 41 5d 41 5c 5f 5e 5d 48 ff 25 ee 46 a9 00 


Stack slot to memory mapping:
stack at sp + 0 slots: 0x000002985213d350 points into unknown readable memory: 0xffffffffffffffff | ff ff ff ff ff ff ff ff
stack at sp + 1 slots: 0x00007ffadf5df070 USER32.dll
stack at sp + 2 slots: 0x0000000000000001 is an unknown value
stack at sp + 3 slots: 0x00007ffae11b1374 ntdll.dll
stack at sp + 4 slots: 0x0000029866770b70 points into unknown readable memory: 0x0000008cbbf34ea2 | a2 4e f3 bb 8c 00 00 00
stack at sp + 5 slots: 0x000000d8337fe769 points into unknown readable memory: e8 7f 33 d8 00 00 00
stack at sp + 6 slots: 0x000000d8337fe8f0 points into unknown readable memory: 0x0000029854d00e18 | 18 0e d0 54 98 02 00 00
stack at sp + 7 slots: 0x0000029866770b44 points into unknown readable memory: 53 73 48 64

VM_Operation (0x000000d8365fe620): Exit, mode: safepoint, requested by thread 0x0000029854a3e930


---------------  P R O C E S S  ---------------

Threads class SMR info:
_java_thread_list=0x0000029862453850, length=19, elements={
0x000002980c969680, 0x000002980c96a500, 0x000002980c9807a0, 0x000002980c981360,
0x000002980c983e30, 0x000002980c9847f0, 0x000002980c985590, 0x000002980c986040,
0x000002980c989a60, 0x000002980cb35dd0, 0x000002980cb39fe0, 0x000002980cb3c6d0,
0x000002980cb3fee0, 0x000002980cb49a10, 0x0000029852050bc0, 0x0000029854a3f860,
0x0000029854a3e930, 0x0000029854a3f350, 0x0000029861ebe100
}

Java Threads: ( => current thread )
  0x000002980c969680 JavaThread "Reference Handler" daemon [_thread_blocked, id=17380, stack(0x000000d833800000,0x000000d833900000)]
  0x000002980c96a500 JavaThread "Finalizer" daemon [_thread_blocked, id=14428, stack(0x000000d833900000,0x000000d833a00000)]
  0x000002980c9807a0 JavaThread "Signal Dispatcher" daemon [_thread_blocked, id=9448, stack(0x000000d833a00000,0x000000d833b00000)]
  0x000002980c981360 JavaThread "Attach Listener" daemon [_thread_blocked, id=1696, stack(0x000000d833b00000,0x000000d833c00000)]
  0x000002980c983e30 JavaThread "Service Thread" daemon [_thread_blocked, id=16944, stack(0x000000d833c00000,0x000000d833d00000)]
  0x000002980c9847f0 JavaThread "Monitor Deflation Thread" daemon [_thread_blocked, id=4232, stack(0x000000d833d00000,0x000000d833e00000)]
  0x000002980c985590 JavaThread "C2 CompilerThread0" daemon [_thread_blocked, id=19716, stack(0x000000d833e00000,0x000000d833f00000)]
  0x000002980c986040 JavaThread "C1 CompilerThread0" daemon [_thread_blocked, id=1584, stack(0x000000d833f00000,0x000000d834000000)]
  0x000002980c989a60 JavaThread "Sweeper thread" daemon [_thread_blocked, id=6016, stack(0x000000d834000000,0x000000d834100000)]
  0x000002980cb35dd0 JavaThread "JDWP Transport Listener: dt_socket" daemon [_thread_blocked, id=7312, stack(0x000000d834200000,0x000000d834300000)]
  0x000002980cb39fe0 JavaThread "JDWP Event Helper Thread" daemon [_thread_blocked, id=13036, stack(0x000000d834300000,0x000000d834400000)]
  0x000002980cb3c6d0 JavaThread "JDWP Command Reader" daemon [_thread_blocked, id=6824, stack(0x000000d834400000,0x000000d834500000)]
  0x000002980cb3fee0 JavaThread "Notification Thread" daemon [_thread_blocked, id=7008, stack(0x000000d834500000,0x000000d834600000)]
  0x000002980cb49a10 JavaThread "Common-Cleaner" daemon [_thread_blocked, id=15328, stack(0x000000d834700000,0x000000d834800000)]
  0x0000029852050bc0 JavaThread "Java2D Disposer" daemon [_thread_blocked, id=9100, stack(0x000000d834800000,0x000000d834900000)]
  0x0000029854a3f860 JavaThread "HighResTimerThread" daemon [_thread_blocked, id=13396, stack(0x000000d836300000,0x000000d836400000)]
  0x0000029854a3e930 JavaThread "main-FPSAWTAnimator#00-Timer0" [_thread_blocked, id=15584, stack(0x000000d836500000,0x000000d836600000)]
  0x0000029854a3f350 JavaThread "DestroyJavaVM" [_thread_blocked, id=21476, stack(0x000000d833100000,0x000000d833200000)]
  0x0000029861ebe100 JavaThread "AWT-Shutdown" [_thread_blocked, id=14292, stack(0x000000d836800000,0x000000d836900000)]

Other Threads:
=>0x000002980c963190 VMThread "VM Thread" [stack: 0x000000d833700000,0x000000d833800000] [id=11408]
  0x0000029866bff700 GCTaskThread "GC Thread#0" [stack: 0x000000d833200000,0x000000d833300000] [id=9956]
  0x00000298543d1190 GCTaskThread "GC Thread#1" [stack: 0x000000d835500000,0x000000d835600000] [id=3384]
  0x00000298543d1450 GCTaskThread "GC Thread#2" [stack: 0x000000d835600000,0x000000d835700000] [id=19884]
  0x00000298543d1710 GCTaskThread "GC Thread#3" [stack: 0x000000d835700000,0x000000d835800000] [id=13604]
  0x00000298543d19d0 GCTaskThread "GC Thread#4" [stack: 0x000000d835800000,0x000000d835900000] [id=1852]
  0x00000298543d1c90 GCTaskThread "GC Thread#5" [stack: 0x000000d835900000,0x000000d835a00000] [id=20528]
  0x00000298543e9590 GCTaskThread "GC Thread#6" [stack: 0x000000d835a00000,0x000000d835b00000] [id=5036]
  0x00000298543e9850 GCTaskThread "GC Thread#7" [stack: 0x000000d835b00000,0x000000d835c00000] [id=18940]
  0x00000298543e9b10 GCTaskThread "GC Thread#8" [stack: 0x000000d835c00000,0x000000d835d00000] [id=20216]
  0x00000298543edde0 GCTaskThread "GC Thread#9" [stack: 0x000000d835d00000,0x000000d835e00000] [id=11088]
  0x00000298543f20b0 GCTaskThread "GC Thread#10" [stack: 0x000000d835e00000,0x000000d835f00000] [id=12372]
  0x00000298543f2370 GCTaskThread "GC Thread#11" [stack: 0x000000d835f00000,0x000000d836000000] [id=9824]
  0x00000298543f2630 GCTaskThread "GC Thread#12" [stack: 0x000000d836000000,0x000000d836100000] [id=17940]
  0x0000029854223680 GCTaskThread "GC Thread#13" [stack: 0x000000d834d00000,0x000000d834e00000] [id=18188]
  0x0000029854222b80 GCTaskThread "GC Thread#14" [stack: 0x000000d834e00000,0x000000d834f00000] [id=13560]
  0x0000029866c101a0 ConcurrentGCThread "G1 Main Marker" terminated
  0x0000029866c10bb0 ConcurrentGCThread "G1 Conc#0" [stack: 0x000000d833400000,0x000000d833500000] [id=20212]
  0x000002980c81ae20 ConcurrentGCThread "G1 Refine#0" terminated
  0x000002980c81b660 ConcurrentGCThread "G1 Service" terminated

Threads with active compile tasks:

VM state: at safepoint (shutting down)

VM Mutex/Monitor currently owned by a thread:  ([mutex/lock_event])
[0x0000029866b8f260] Threads_lock - owner thread: 0x000002980c963190
[0x0000029866b90460] Heap_lock - owner thread: 0x0000029854a3e930

Heap address: 0x0000000704a00000, size: 4022 MB, Compressed Oops mode: Zero based, Oop shift amount: 3

CDS archive(s) mapped at: [0x000002980d000000-0x000002980dbd0000-0x000002980dbd0000), size 12386304, SharedBaseAddress: 0x000002980d000000, ArchiveRelocationMode: 1.
Compressed class space mapped at: 0x000002980e000000-0x000002984e000000, reserved size: 1073741824
Narrow klass base: 0x000002980d000000, Narrow klass shift: 0, Narrow klass range: 0x100000000

GC Precious Log:
 CPUs: 20 total, 20 available
 Memory: 16084M
 Large Page Support: Disabled
 NUMA Support: Disabled
 Compressed Oops: Enabled (Zero based)
 Heap Region Size: 2M
 Heap Min Capacity: 8M
 Heap Initial Capacity: 252M
 Heap Max Capacity: 4022M
 Pre-touch: Disabled
 Parallel Workers: 15
 Concurrent Workers: 4
 Concurrent Refinement Workers: 15
 Periodic GC: Disabled

Heap:
 garbage-first heap   total 258048K, used 27905K [0x0000000704a00000, 0x0000000800000000)
  region size 2048K, 7 young (14336K), 3 survivors (6144K)
 Metaspace       used 15589K, committed 15872K, reserved 1114112K
  class space    used 1150K, committed 1280K, reserved 1048576K

Heap Regions: E=young(eden), S=young(survivor), O=old, HS=humongous(starts), HC=humongous(continues), CS=collection set, F=free, OA=open archive, CA=closed archive, TAMS=top-at-mark-start (previous, next)
|   0|0x0000000704a00000, 0x0000000704c00000, 0x0000000704c00000|100%|HS|  |TAMS 0x0000000704a00000, 0x0000000704a00000| Complete 
|   1|0x0000000704c00000, 0x0000000704e00000, 0x0000000704e00000|100%|HS|  |TAMS 0x0000000704c00000, 0x0000000704c00000| Complete 
|   2|0x0000000704e00000, 0x0000000705000000, 0x0000000705000000|100%|HS|  |TAMS 0x0000000704e00000, 0x0000000704e00000| Complete 
|   3|0x0000000705000000, 0x0000000705200000, 0x0000000705200000|100%|HS|  |TAMS 0x0000000705000000, 0x0000000705000000| Complete 
|   4|0x0000000705200000, 0x0000000705400000, 0x0000000705400000|100%|HS|  |TAMS 0x0000000705200000, 0x0000000705200000| Complete 
|   5|0x0000000705400000, 0x0000000705400000, 0x0000000705600000|  0%| F|  |TAMS 0x0000000705400000, 0x0000000705400000| Untracked 
|   6|0x0000000705600000, 0x0000000705800000, 0x0000000705800000|100%|HS|  |TAMS 0x0000000705600000, 0x0000000705600000| Complete 
|   7|0x0000000705800000, 0x0000000705800000, 0x0000000705a00000|  0%| F|  |TAMS 0x0000000705800000, 0x0000000705800000| Untracked 
|   8|0x0000000705a00000, 0x0000000705c00000, 0x0000000705c00000|100%|HS|  |TAMS 0x0000000705a00000, 0x0000000705a00000| Complete 
|   9|0x0000000705c00000, 0x0000000705c00000, 0x0000000705e00000|  0%| F|  |TAMS 0x0000000705c00000, 0x0000000705c00000| Untracked 
|  10|0x0000000705e00000, 0x0000000706000000, 0x0000000706000000|100%|HS|  |TAMS 0x0000000705e00000, 0x0000000705e00000| Complete 
|  11|0x0000000706000000, 0x0000000706000000, 0x0000000706200000|  0%| F|  |TAMS 0x0000000706000000, 0x0000000706000000| Untracked 
|  12|0x0000000706200000, 0x0000000706200000, 0x0000000706400000|  0%| F|  |TAMS 0x0000000706200000, 0x0000000706200000| Untracked 
|  13|0x0000000706400000, 0x0000000706400000, 0x0000000706600000|  0%| F|  |TAMS 0x0000000706400000, 0x0000000706400000| Untracked 
|  14|0x0000000706600000, 0x0000000706600000, 0x0000000706800000|  0%| F|  |TAMS 0x0000000706600000, 0x0000000706600000| Untracked 
|  15|0x0000000706800000, 0x0000000706800000, 0x0000000706a00000|  0%| F|  |TAMS 0x0000000706800000, 0x0000000706800000| Untracked 
|  16|0x0000000706a00000, 0x0000000706a00000, 0x0000000706c00000|  0%| F|  |TAMS 0x0000000706a00000, 0x0000000706a00000| Untracked 
|  17|0x0000000706c00000, 0x0000000706c00000, 0x0000000706e00000|  0%| F|  |TAMS 0x0000000706c00000, 0x0000000706c00000| Untracked 
|  18|0x0000000706e00000, 0x0000000706e00000, 0x0000000707000000|  0%| F|  |TAMS 0x0000000706e00000, 0x0000000706e00000| Untracked 
|  19|0x0000000707000000, 0x0000000707000000, 0x0000000707200000|  0%| F|  |TAMS 0x0000000707000000, 0x0000000707000000| Untracked 
|  20|0x0000000707200000, 0x0000000707200000, 0x0000000707400000|  0%| F|  |TAMS 0x0000000707200000, 0x0000000707200000| Untracked 
|  21|0x0000000707400000, 0x0000000707400000, 0x0000000707600000|  0%| F|  |TAMS 0x0000000707400000, 0x0000000707400000| Untracked 
|  22|0x0000000707600000, 0x0000000707600000, 0x0000000707800000|  0%| F|  |TAMS 0x0000000707600000, 0x0000000707600000| Untracked 
|  23|0x0000000707800000, 0x0000000707800000, 0x0000000707a00000|  0%| F|  |TAMS 0x0000000707800000, 0x0000000707800000| Untracked 
|  24|0x0000000707a00000, 0x0000000707a00000, 0x0000000707c00000|  0%| F|  |TAMS 0x0000000707a00000, 0x0000000707a00000| Untracked 
|  25|0x0000000707c00000, 0x0000000707c00000, 0x0000000707e00000|  0%| F|  |TAMS 0x0000000707c00000, 0x0000000707c00000| Untracked 
|  26|0x0000000707e00000, 0x0000000707e00000, 0x0000000708000000|  0%| F|  |TAMS 0x0000000707e00000, 0x0000000707e00000| Untracked 
|  27|0x0000000708000000, 0x0000000708000000, 0x0000000708200000|  0%| F|  |TAMS 0x0000000708000000, 0x0000000708000000| Untracked 
|  28|0x0000000708200000, 0x0000000708200000, 0x0000000708400000|  0%| F|  |TAMS 0x0000000708200000, 0x0000000708200000| Untracked 
|  29|0x0000000708400000, 0x0000000708400000, 0x0000000708600000|  0%| F|  |TAMS 0x0000000708400000, 0x0000000708400000| Untracked 
|  30|0x0000000708600000, 0x0000000708600000, 0x0000000708800000|  0%| F|  |TAMS 0x0000000708600000, 0x0000000708600000| Untracked 
|  31|0x0000000708800000, 0x0000000708800000, 0x0000000708a00000|  0%| F|  |TAMS 0x0000000708800000, 0x0000000708800000| Untracked 
|  32|0x0000000708a00000, 0x0000000708a00000, 0x0000000708c00000|  0%| F|  |TAMS 0x0000000708a00000, 0x0000000708a00000| Untracked 
|  33|0x0000000708c00000, 0x0000000708c00000, 0x0000000708e00000|  0%| F|  |TAMS 0x0000000708c00000, 0x0000000708c00000| Untracked 
|  34|0x0000000708e00000, 0x0000000708e00000, 0x0000000709000000|  0%| F|  |TAMS 0x0000000708e00000, 0x0000000708e00000| Untracked 
|  35|0x0000000709000000, 0x0000000709000000, 0x0000000709200000|  0%| F|  |TAMS 0x0000000709000000, 0x0000000709000000| Untracked 
|  36|0x0000000709200000, 0x0000000709200000, 0x0000000709400000|  0%| F|  |TAMS 0x0000000709200000, 0x0000000709200000| Untracked 
|  37|0x0000000709400000, 0x0000000709400000, 0x0000000709600000|  0%| F|  |TAMS 0x0000000709400000, 0x0000000709400000| Untracked 
|  38|0x0000000709600000, 0x0000000709600000, 0x0000000709800000|  0%| F|  |TAMS 0x0000000709600000, 0x0000000709600000| Untracked 
|  39|0x0000000709800000, 0x0000000709800000, 0x0000000709a00000|  0%| F|  |TAMS 0x0000000709800000, 0x0000000709800000| Untracked 
|  40|0x0000000709a00000, 0x0000000709a00000, 0x0000000709c00000|  0%| F|  |TAMS 0x0000000709a00000, 0x0000000709a00000| Untracked 
|  41|0x0000000709c00000, 0x0000000709c00000, 0x0000000709e00000|  0%| F|  |TAMS 0x0000000709c00000, 0x0000000709c00000| Untracked 
|  42|0x0000000709e00000, 0x0000000709e00000, 0x000000070a000000|  0%| F|  |TAMS 0x0000000709e00000, 0x0000000709e00000| Untracked 
|  43|0x000000070a000000, 0x000000070a000000, 0x000000070a200000|  0%| F|  |TAMS 0x000000070a000000, 0x000000070a000000| Untracked 
|  44|0x000000070a200000, 0x000000070a200000, 0x000000070a400000|  0%| F|  |TAMS 0x000000070a200000, 0x000000070a200000| Untracked 
|  45|0x000000070a400000, 0x000000070a400000, 0x000000070a600000|  0%| F|  |TAMS 0x000000070a400000, 0x000000070a400000| Untracked 
|  46|0x000000070a600000, 0x000000070a600000, 0x000000070a800000|  0%| F|  |TAMS 0x000000070a600000, 0x000000070a600000| Untracked 
|  47|0x000000070a800000, 0x000000070a800000, 0x000000070aa00000|  0%| F|  |TAMS 0x000000070a800000, 0x000000070a800000| Untracked 
|  48|0x000000070aa00000, 0x000000070aa00000, 0x000000070ac00000|  0%| F|  |TAMS 0x000000070aa00000, 0x000000070aa00000| Untracked 
|  49|0x000000070ac00000, 0x000000070ac00000, 0x000000070ae00000|  0%| F|  |TAMS 0x000000070ac00000, 0x000000070ac00000| Untracked 
|  50|0x000000070ae00000, 0x000000070ae00000, 0x000000070b000000|  0%| F|  |TAMS 0x000000070ae00000, 0x000000070ae00000| Untracked 
|  51|0x000000070b000000, 0x000000070b000000, 0x000000070b200000|  0%| F|  |TAMS 0x000000070b000000, 0x000000070b000000| Untracked 
|  52|0x000000070b200000, 0x000000070b200000, 0x000000070b400000|  0%| F|  |TAMS 0x000000070b200000, 0x000000070b200000| Untracked 
|  53|0x000000070b400000, 0x000000070b400000, 0x000000070b600000|  0%| F|  |TAMS 0x000000070b400000, 0x000000070b400000| Untracked 
|  54|0x000000070b600000, 0x000000070b600000, 0x000000070b800000|  0%| F|  |TAMS 0x000000070b600000, 0x000000070b600000| Untracked 
|  55|0x000000070b800000, 0x000000070b800000, 0x000000070ba00000|  0%| F|  |TAMS 0x000000070b800000, 0x000000070b800000| Untracked 
|  56|0x000000070ba00000, 0x000000070ba00000, 0x000000070bc00000|  0%| F|  |TAMS 0x000000070ba00000, 0x000000070ba00000| Untracked 
|  57|0x000000070bc00000, 0x000000070bc00000, 0x000000070be00000|  0%| F|  |TAMS 0x000000070bc00000, 0x000000070bc00000| Untracked 
|  58|0x000000070be00000, 0x000000070be00000, 0x000000070c000000|  0%| F|  |TAMS 0x000000070be00000, 0x000000070be00000| Untracked 
|  59|0x000000070c000000, 0x000000070c000000, 0x000000070c200000|  0%| F|  |TAMS 0x000000070c000000, 0x000000070c000000| Untracked 
|  60|0x000000070c200000, 0x000000070c200000, 0x000000070c400000|  0%| F|  |TAMS 0x000000070c200000, 0x000000070c200000| Untracked 
|  61|0x000000070c400000, 0x000000070c400000, 0x000000070c600000|  0%| F|  |TAMS 0x000000070c400000, 0x000000070c400000| Untracked 
|  62|0x000000070c600000, 0x000000070c600000, 0x000000070c800000|  0%| F|  |TAMS 0x000000070c600000, 0x000000070c600000| Untracked 
|  63|0x000000070c800000, 0x000000070c800000, 0x000000070ca00000|  0%| F|  |TAMS 0x000000070c800000, 0x000000070c800000| Untracked 
|  64|0x000000070ca00000, 0x000000070ca00000, 0x000000070cc00000|  0%| F|  |TAMS 0x000000070ca00000, 0x000000070ca00000| Untracked 
|  65|0x000000070cc00000, 0x000000070cc00000, 0x000000070ce00000|  0%| F|  |TAMS 0x000000070cc00000, 0x000000070cc00000| Untracked 
|  66|0x000000070ce00000, 0x000000070ce00000, 0x000000070d000000|  0%| F|  |TAMS 0x000000070ce00000, 0x000000070ce00000| Untracked 
|  67|0x000000070d000000, 0x000000070d000000, 0x000000070d200000|  0%| F|  |TAMS 0x000000070d000000, 0x000000070d000000| Untracked 
|  68|0x000000070d200000, 0x000000070d200000, 0x000000070d400000|  0%| F|  |TAMS 0x000000070d200000, 0x000000070d200000| Untracked 
|  69|0x000000070d400000, 0x000000070d400000, 0x000000070d600000|  0%| F|  |TAMS 0x000000070d400000, 0x000000070d400000| Untracked 
|  70|0x000000070d600000, 0x000000070d600000, 0x000000070d800000|  0%| F|  |TAMS 0x000000070d600000, 0x000000070d600000| Untracked 
|  71|0x000000070d800000, 0x000000070d800000, 0x000000070da00000|  0%| F|  |TAMS 0x000000070d800000, 0x000000070d800000| Untracked 
|  72|0x000000070da00000, 0x000000070da00000, 0x000000070dc00000|  0%| F|  |TAMS 0x000000070da00000, 0x000000070da00000| Untracked 
|  73|0x000000070dc00000, 0x000000070dc00000, 0x000000070de00000|  0%| F|  |TAMS 0x000000070dc00000, 0x000000070dc00000| Untracked 
|  74|0x000000070de00000, 0x000000070de00000, 0x000000070e000000|  0%| F|  |TAMS 0x000000070de00000, 0x000000070de00000| Untracked 
|  75|0x000000070e000000, 0x000000070e000000, 0x000000070e200000|  0%| F|  |TAMS 0x000000070e000000, 0x000000070e000000| Untracked 
|  76|0x000000070e200000, 0x000000070e200000, 0x000000070e400000|  0%| F|  |TAMS 0x000000070e200000, 0x000000070e200000| Untracked 
|  77|0x000000070e400000, 0x000000070e400000, 0x000000070e600000|  0%| F|  |TAMS 0x000000070e400000, 0x000000070e400000| Untracked 
|  78|0x000000070e600000, 0x000000070e600000, 0x000000070e800000|  0%| F|  |TAMS 0x000000070e600000, 0x000000070e600000| Untracked 
|  79|0x000000070e800000, 0x000000070e800000, 0x000000070ea00000|  0%| F|  |TAMS 0x000000070e800000, 0x000000070e800000| Untracked 
|  80|0x000000070ea00000, 0x000000070ea00000, 0x000000070ec00000|  0%| F|  |TAMS 0x000000070ea00000, 0x000000070ea00000| Untracked 
|  81|0x000000070ec00000, 0x000000070ec00000, 0x000000070ee00000|  0%| F|  |TAMS 0x000000070ec00000, 0x000000070ec00000| Untracked 
|  82|0x000000070ee00000, 0x000000070ee00000, 0x000000070f000000|  0%| F|  |TAMS 0x000000070ee00000, 0x000000070ee00000| Untracked 
|  83|0x000000070f000000, 0x000000070f000000, 0x000000070f200000|  0%| F|  |TAMS 0x000000070f000000, 0x000000070f000000| Untracked 
|  84|0x000000070f200000, 0x000000070f200000, 0x000000070f400000|  0%| F|  |TAMS 0x000000070f200000, 0x000000070f200000| Untracked 
|  85|0x000000070f400000, 0x000000070f400000, 0x000000070f600000|  0%| F|  |TAMS 0x000000070f400000, 0x000000070f400000| Untracked 
|  86|0x000000070f600000, 0x000000070f600000, 0x000000070f800000|  0%| F|  |TAMS 0x000000070f600000, 0x000000070f600000| Untracked 
|  87|0x000000070f800000, 0x000000070f800000, 0x000000070fa00000|  0%| F|  |TAMS 0x000000070f800000, 0x000000070f800000| Untracked 
|  88|0x000000070fa00000, 0x000000070fa00000, 0x000000070fc00000|  0%| F|  |TAMS 0x000000070fa00000, 0x000000070fa00000| Untracked 
|  89|0x000000070fc00000, 0x000000070fc00000, 0x000000070fe00000|  0%| F|  |TAMS 0x000000070fc00000, 0x000000070fc00000| Untracked 
|  90|0x000000070fe00000, 0x000000070fe00000, 0x0000000710000000|  0%| F|  |TAMS 0x000000070fe00000, 0x000000070fe00000| Untracked 
|  91|0x0000000710000000, 0x0000000710000000, 0x0000000710200000|  0%| F|  |TAMS 0x0000000710000000, 0x0000000710000000| Untracked 
|  92|0x0000000710200000, 0x0000000710200000, 0x0000000710400000|  0%| F|  |TAMS 0x0000000710200000, 0x0000000710200000| Untracked 
|  93|0x0000000710400000, 0x0000000710400000, 0x0000000710600000|  0%| F|  |TAMS 0x0000000710400000, 0x0000000710400000| Untracked 
|  94|0x0000000710600000, 0x0000000710600000, 0x0000000710800000|  0%| F|  |TAMS 0x0000000710600000, 0x0000000710600000| Untracked 
|  95|0x0000000710800000, 0x0000000710800000, 0x0000000710a00000|  0%| F|  |TAMS 0x0000000710800000, 0x0000000710800000| Untracked 
|  96|0x0000000710a00000, 0x0000000710a00000, 0x0000000710c00000|  0%| F|  |TAMS 0x0000000710a00000, 0x0000000710a00000| Untracked 
|  97|0x0000000710c00000, 0x0000000710c00000, 0x0000000710e00000|  0%| F|  |TAMS 0x0000000710c00000, 0x0000000710c00000| Untracked 
|  98|0x0000000710e00000, 0x0000000710e00000, 0x0000000711000000|  0%| F|  |TAMS 0x0000000710e00000, 0x0000000710e00000| Untracked 
|  99|0x0000000711000000, 0x0000000711000000, 0x0000000711200000|  0%| F|  |TAMS 0x0000000711000000, 0x0000000711000000| Untracked 
| 100|0x0000000711200000, 0x0000000711200000, 0x0000000711400000|  0%| F|  |TAMS 0x0000000711200000, 0x0000000711200000| Untracked 
| 101|0x0000000711400000, 0x0000000711400000, 0x0000000711600000|  0%| F|  |TAMS 0x0000000711400000, 0x0000000711400000| Untracked 
| 102|0x0000000711600000, 0x0000000711600000, 0x0000000711800000|  0%| F|  |TAMS 0x0000000711600000, 0x0000000711600000| Untracked 
| 103|0x0000000711800000, 0x00000007119404d8, 0x0000000711a00000| 62%| S|CS|TAMS 0x0000000711800000, 0x0000000711800000| Complete 
| 104|0x0000000711a00000, 0x0000000711c00000, 0x0000000711c00000|100%| S|CS|TAMS 0x0000000711a00000, 0x0000000711a00000| Complete 
| 105|0x0000000711c00000, 0x0000000711e00000, 0x0000000711e00000|100%| S|CS|TAMS 0x0000000711c00000, 0x0000000711c00000| Complete 
| 106|0x0000000711e00000, 0x0000000711e00000, 0x0000000712000000|  0%| F|  |TAMS 0x0000000711e00000, 0x0000000711e00000| Untracked 
| 107|0x0000000712000000, 0x0000000712000000, 0x0000000712200000|  0%| F|  |TAMS 0x0000000712000000, 0x0000000712000000| Untracked 
| 108|0x0000000712200000, 0x0000000712200000, 0x0000000712400000|  0%| F|  |TAMS 0x0000000712200000, 0x0000000712200000| Untracked 
| 109|0x0000000712400000, 0x0000000712400000, 0x0000000712600000|  0%| F|  |TAMS 0x0000000712400000, 0x0000000712400000| Untracked 
| 110|0x0000000712600000, 0x0000000712600000, 0x0000000712800000|  0%| F|  |TAMS 0x0000000712600000, 0x0000000712600000| Untracked 
| 111|0x0000000712800000, 0x0000000712800000, 0x0000000712a00000|  0%| F|  |TAMS 0x0000000712800000, 0x0000000712800000| Untracked 
| 112|0x0000000712a00000, 0x0000000712a00000, 0x0000000712c00000|  0%| F|  |TAMS 0x0000000712a00000, 0x0000000712a00000| Untracked 
| 113|0x0000000712c00000, 0x0000000712c00000, 0x0000000712e00000|  0%| F|  |TAMS 0x0000000712c00000, 0x0000000712c00000| Untracked 
| 114|0x0000000712e00000, 0x0000000712e00000, 0x0000000713000000|  0%| F|  |TAMS 0x0000000712e00000, 0x0000000712e00000| Untracked 
| 115|0x0000000713000000, 0x0000000713000000, 0x0000000713200000|  0%| F|  |TAMS 0x0000000713000000, 0x0000000713000000| Untracked 
| 116|0x0000000713200000, 0x0000000713200000, 0x0000000713400000|  0%| F|  |TAMS 0x0000000713200000, 0x0000000713200000| Untracked 
| 117|0x0000000713400000, 0x0000000713400000, 0x0000000713600000|  0%| F|  |TAMS 0x0000000713400000, 0x0000000713400000| Untracked 
| 118|0x0000000713600000, 0x0000000713600000, 0x0000000713800000|  0%| F|  |TAMS 0x0000000713600000, 0x0000000713600000| Untracked 
| 119|0x0000000713800000, 0x0000000713800000, 0x0000000713a00000|  0%| F|  |TAMS 0x0000000713800000, 0x0000000713800000| Untracked 
| 120|0x0000000713a00000, 0x0000000713a00000, 0x0000000713c00000|  0%| F|  |TAMS 0x0000000713a00000, 0x0000000713a00000| Untracked 
| 121|0x0000000713c00000, 0x0000000713c00000, 0x0000000713e00000|  0%| F|  |TAMS 0x0000000713c00000, 0x0000000713c00000| Untracked 
| 122|0x0000000713e00000, 0x0000000713e00800, 0x0000000714000000|  0%| E|  |TAMS 0x0000000713e00000, 0x0000000713e00000| Complete 
| 123|0x0000000714000000, 0x0000000714200000, 0x0000000714200000|100%| E|CS|TAMS 0x0000000714000000, 0x0000000714000000| Complete 
| 124|0x0000000714200000, 0x0000000714400000, 0x0000000714400000|100%| E|CS|TAMS 0x0000000714200000, 0x0000000714200000| Complete 
| 125|0x0000000714400000, 0x0000000714600000, 0x0000000714600000|100%| E|CS|TAMS 0x0000000714400000, 0x0000000714400000| Complete 

Card table byte_map: [0x00000298008f0000,0x00000298010d0000] _byte_map_base: 0x00000297fd0cb000

Marking Bits (Prev, Next): (CMBitMap*) 0x0000029866bffd20, (CMBitMap*) 0x0000029866bffd60
 Prev Bits: [0x00000298018b0000, 0x0000029805788000)
 Next Bits: [0x0000029805790000, 0x0000029809668000)

Polling page: 0x0000029866c50000

Metaspace:

Usage:
  Non-class:     14.10 MB used.
      Class:      1.12 MB used.
       Both:     15.22 MB used.

Virtual space:
  Non-class space:       64.00 MB reserved,      14.25 MB ( 22%) committed,  1 nodes.
      Class space:        1.00 GB reserved,       1.25 MB ( <1%) committed,  1 nodes.
             Both:        1.06 GB reserved,      15.50 MB (  1%) committed. 

Chunk freelists:
   Non-Class:  928.00 KB
       Class:  14.59 MB
        Both:  15.50 MB

MaxMetaspaceSize: unlimited
CompressedClassSpaceSize: 1.00 GB
Initial GC threshold: 21.00 MB
Current GC threshold: 21.00 MB
CDS: on
MetaspaceReclaimPolicy: balanced
 - commit_granule_bytes: 65536.
 - commit_granule_words: 8192.
 - virtual_space_node_default_size: 8388608.
 - enlarge_chunks_in_place: 1.
 - new_chunks_are_fully_committed: 0.
 - uncommit_free_chunks: 1.
 - use_allocation_guard: 0.
 - handle_deallocations: 1.


Internal statistics:

num_allocs_failed_limit: 0.
num_arena_births: 162.
num_arena_deaths: 0.
num_vsnodes_births: 2.
num_vsnodes_deaths: 0.
num_space_committed: 244.
num_space_uncommitted: 0.
num_chunks_returned_to_freelist: 0.
num_chunks_taken_from_freelist: 486.
num_chunk_merges: 0.
num_chunk_splits: 356.
num_chunks_enlarged: 282.
num_inconsistent_stats: 0.

CodeHeap 'non-profiled nmethods': size=119168Kb used=1041Kb max_used=1041Kb free=118126Kb
 bounds [0x00000298779f0000, 0x0000029877c60000, 0x000002987ee50000]
CodeHeap 'profiled nmethods': size=119104Kb used=4366Kb max_used=4366Kb free=114737Kb
 bounds [0x000002986fe50000, 0x00000298702a0000, 0x00000298772a0000]
CodeHeap 'non-nmethods': size=7488Kb used=1648Kb max_used=3374Kb free=5839Kb
 bounds [0x00000298772a0000, 0x00000298775f0000, 0x00000298779f0000]
 total_blobs=3119 nmethods=2120 adapters=912
 compilation: enabled
              stopped_count=0, restarted_count=0
 full_count=0

Compilation events (20 events):
Event: 48.468 Thread 0x000002980c986040 2111       3       processing.opengl.PGraphicsOpenGL$TessGeometry::polyVertexCheck (103 bytes)
Event: 48.468 Thread 0x000002980c986040 nmethod 2111 0x000002987028fb90 code [0x000002987028fdc0, 0x0000029870290268]
Event: 48.468 Thread 0x000002980c986040 2112       1       processing.event.Event::getFlavor (5 bytes)
Event: 48.468 Thread 0x000002980c986040 nmethod 2112 0x0000029877af3790 code [0x0000029877af3920, 0x0000029877af39f8]
Event: 48.468 Thread 0x000002980c986040 2113       1       processing.event.Event::getAction (5 bytes)
Event: 48.468 Thread 0x000002980c986040 nmethod 2113 0x0000029877af3a90 code [0x0000029877af3c20, 0x0000029877af3cf8]
Event: 48.468 Thread 0x000002980c986040 2114       1       processing.event.MouseEvent::getButton (5 bytes)
Event: 48.468 Thread 0x000002980c986040 nmethod 2114 0x0000029877af3d90 code [0x0000029877af3f20, 0x0000029877af3ff8]
Event: 48.468 Thread 0x000002980c986040 2117       3       java.util.AbstractQueue::remove (19 bytes)
Event: 48.468 Thread 0x000002980c986040 nmethod 2117 0x0000029870290490 code [0x0000029870290660, 0x0000029870290958]
Event: 48.468 Thread 0x000002980c986040 2118   !   3       java.util.concurrent.LinkedBlockingQueue::poll (99 bytes)
Event: 48.469 Thread 0x000002980c986040 nmethod 2118 0x0000029870290a90 code [0x0000029870290e40, 0x00000298702928b8]
Event: 48.469 Thread 0x000002980c986040 2115       1       processing.event.MouseEvent::getX (5 bytes)
Event: 48.469 Thread 0x000002980c986040 nmethod 2115 0x0000029877af4090 code [0x0000029877af4220, 0x0000029877af42f8]
Event: 48.469 Thread 0x000002980c986040 2116       1       processing.event.MouseEvent::getY (5 bytes)
Event: 48.469 Thread 0x000002980c986040 nmethod 2116 0x0000029877af4390 code [0x0000029877af4520, 0x0000029877af45f8]
Event: 48.469 Thread 0x000002980c986040 2119       3       java.util.concurrent.LinkedBlockingQueue::dequeue (32 bytes)
Event: 48.469 Thread 0x000002980c986040 nmethod 2119 0x0000029870293310 code [0x00000298702934a0, 0x00000298702936d8]
Event: 48.469 Thread 0x000002980c986040 2120       3       java.util.concurrent.atomic.AtomicInteger::getAndDecrement (12 bytes)
Event: 48.470 Thread 0x000002980c986040 nmethod 2120 0x0000029870293790 code [0x0000029870293920, 0x0000029870293a38]

GC Heap History (4 events):
Event: 0.631 GC heap before
{Heap before GC invocations=0 (full 0):
 garbage-first heap   total 258048K, used 20480K [0x0000000704a00000, 0x0000000800000000)
  region size 2048K, 11 young (22528K), 0 survivors (0K)
 Metaspace       used 10969K, committed 11136K, reserved 1114112K
  class space    used 747K, committed 832K, reserved 1048576K
}
Event: 0.636 GC heap after
{Heap after GC invocations=1 (full 0):
 garbage-first heap   total 258048K, used 2928K [0x0000000704a00000, 0x0000000800000000)
  region size 2048K, 2 young (4096K), 2 survivors (4096K)
 Metaspace       used 10969K, committed 11136K, reserved 1114112K
  class space    used 747K, committed 832K, reserved 1048576K
}
Event: 27.313 GC heap before
{Heap before GC invocations=1 (full 0):
 garbage-first heap   total 258048K, used 66416K [0x0000000704a00000, 0x0000000800000000)
  region size 2048K, 20 young (40960K), 2 survivors (4096K)
 Metaspace       used 15466K, committed 15744K, reserved 1114112K
  class space    used 1145K, committed 1280K, reserved 1048576K
}
Event: 27.316 GC heap after
{Heap after GC invocations=2 (full 0):
 garbage-first heap   total 258048K, used 17665K [0x0000000704a00000, 0x0000000800000000)
  region size 2048K, 3 young (6144K), 3 survivors (6144K)
 Metaspace       used 15466K, committed 15744K, reserved 1114112K
  class space    used 1145K, committed 1280K, reserved 1048576K
}

Dll operation events (18 events):
Event: 0.004 Loaded shared library C:\Program Files\Processing\app\resources\jdk\bin\java.dll
Event: 0.015 Loaded shared library C:\Program Files\Processing\app\resources\jdk\bin\jsvml.dll
Event: 0.088 Loaded shared library C:\Program Files\Processing\app\resources\jdk\bin\net.dll
Event: 0.089 Loaded shared library C:\Program Files\Processing\app\resources\jdk\bin\nio.dll
Event: 0.091 Loaded shared library C:\Program Files\Processing\app\resources\jdk\bin\zip.dll
Event: 0.119 Loaded shared library C:\Program Files\Processing\app\resources\jdk\bin\jimage.dll
Event: 0.121 Loaded shared library C:\Program Files\Processing\app\resources\jdk\bin\awt.dll
Event: 0.314 Loaded shared library C:\Users\CIFOG\AppData\Local\Temp\jogamp_0000\file_cache\jln7777285783837515585\jln6552284108816387903\natives\windows-amd64\gluegen_rt.dll
Event: 0.318 Loaded shared library C:\Program Files\Processing\app\resources\jdk\bin\jawt.dll
Event: 0.326 Loaded shared library C:\Users\CIFOG\AppData\Local\Temp\jogamp_0000\file_cache\jln7777285783837515585\jln6552284108816387903\natives\windows-amd64\nativewindow_awt.dll
Event: 0.343 Loaded shared library C:\Users\CIFOG\AppData\Local\Temp\jogamp_0000\file_cache\jln7777285783837515585\jln6552284108816387903\natives\windows-amd64\nativewindow_win32.dll
Event: 0.399 Loaded shared library C:\Users\CIFOG\AppData\Local\Temp\jogamp_0000\file_cache\jln7777285783837515585\jln6552284108816387903\natives\windows-amd64\jogl_desktop.dll
Event: 0.463 Loaded shared library C:\Users\CIFOG\AppData\Local\Temp\jogamp_0000\file_cache\jln7777285783837515585\jln6552284108816387903\natives\windows-amd64\jogl_mobile.dll
Event: 0.878 Loaded shared library C:\Users\CIFOG\AppData\Local\Temp\jogamp_0000\file_cache\jln7777285783837515585\jln6552284108816387903\natives\windows-amd64\newt_head.dll
Event: 1.126 Loaded shared library C:\Program Files\Processing\app\resources\jdk\bin\verify.dll
Event: 1.142 Loaded shared library C:\Users\CIFOG\AppData\Local\Temp\nativelib-loader_14342017302623228877\jssc.dll
Event: 1.150 Loaded shared library C:\Program Files\Processing\app\resources\jdk\bin\freetype.dll
Event: 1.151 Loaded shared library C:\Program Files\Processing\app\resources\jdk\bin\fontmanager.dll

Deoptimization events (20 events):
Event: 27.404 Thread 0x0000029854a3e930 Uncommon trap: trap_request=0xffffff45 fr.pc=0x0000029877ae5e9c relative=0x000000000000037c
Event: 27.404 Thread 0x0000029854a3e930 Uncommon trap: reason=unstable_if action=reinterpret pc=0x0000029877ae5e9c method=processing.opengl.Texture.convertToRGBA([IIII)V @ 159 c2
Event: 27.404 Thread 0x0000029854a3e930 DEOPT PACKING pc=0x0000029877ae5e9c sp=0x000000d8365fe1c0
Event: 27.404 Thread 0x0000029854a3e930 DEOPT UNPACKING pc=0x00000298772f69a3 sp=0x000000d8365fe160 mode 2
Event: 27.413 Thread 0x0000029854a3e930 DEOPT PACKING pc=0x0000029870274e82 sp=0x000000d8365fe210
Event: 27.413 Thread 0x0000029854a3e930 DEOPT UNPACKING pc=0x00000298772f7143 sp=0x000000d8365fd6b8 mode 0
Event: 27.414 Thread 0x0000029854a3e930 Uncommon trap: trap_request=0xffffff45 fr.pc=0x0000029877af088c relative=0x000000000000036c
Event: 27.414 Thread 0x0000029854a3e930 Uncommon trap: reason=unstable_if action=reinterpret pc=0x0000029877af088c method=processing.opengl.Texture.convertToRGBA([IIII)V @ 294 c2
Event: 27.414 Thread 0x0000029854a3e930 DEOPT PACKING pc=0x0000029877af088c sp=0x000000d8365fe1f0
Event: 27.414 Thread 0x0000029854a3e930 DEOPT UNPACKING pc=0x00000298772f69a3 sp=0x000000d8365fe1b8 mode 2
Event: 27.423 Thread 0x0000029854a3e930 DEOPT PACKING pc=0x00000298701dae61 sp=0x000000d8365fe6a0
Event: 27.423 Thread 0x0000029854a3e930 DEOPT UNPACKING pc=0x00000298772f7143 sp=0x000000d8365fdb90 mode 1
Event: 27.423 Thread 0x0000029854a3e930 DEOPT PACKING pc=0x00000298701da094 sp=0x000000d8365fe730
Event: 27.423 Thread 0x0000029854a3e930 DEOPT UNPACKING pc=0x00000298772f7143 sp=0x000000d8365fdbd8 mode 1
Event: 27.423 Thread 0x0000029854a3e930 DEOPT PACKING pc=0x00000298701dae61 sp=0x000000d8365fe730
Event: 27.423 Thread 0x0000029854a3e930 DEOPT UNPACKING pc=0x00000298772f7143 sp=0x000000d8365fdc20 mode 1
Event: 27.423 Thread 0x0000029854a3e930 DEOPT PACKING pc=0x00000298701da094 sp=0x000000d8365fe7c0
Event: 27.423 Thread 0x0000029854a3e930 DEOPT UNPACKING pc=0x00000298772f7143 sp=0x000000d8365fdc68 mode 1
Event: 48.503 Thread 0x0000029861eb85e0 DEOPT PACKING pc=0x00000298700e0186 sp=0x000000d834cfda10
Event: 48.503 Thread 0x0000029861eb85e0 DEOPT UNPACKING pc=0x00000298772f7143 sp=0x000000d834cfce80 mode 0

Classes unloaded (0 events):
No events

Classes redefined (0 events):
No events

Internal exceptions (20 events):
Event: 0.262 Thread 0x0000029866b93380 Exception <a 'java/lang/NoSuchMethodError'{0x0000000713a81a30}: 'void java.lang.invoke.DirectMethodHandle$Holder.invokeStatic(java.lang.Object, long)'> (0x0000000713a81a30) 
thrown [s\src\hotspot\share\interpreter\linkResolver.cpp, line 759]
Event: 0.262 Thread 0x0000029866b93380 Exception <a 'java/lang/NoSuchMethodError'{0x0000000713a87010}: 'java.lang.Object java.lang.invoke.DirectMethodHandle$Holder.newInvokeSpecial(java.lang.Object, long)'> (0x0000000713a87010) 
thrown [s\src\hotspot\share\interpreter\linkResolver.cpp, line 759]
Event: 0.263 Thread 0x0000029866b93380 Exception <a 'java/lang/NoSuchMethodError'{0x0000000713a8e268}: 'java.lang.Object java.lang.invoke.DirectMethodHandle$Holder.invokeStatic(java.lang.Object, java.lang.Object, long, java.lang.Object)'> (0x0000000713a8e268) 
thrown [s\src\hotspot\share\interpreter\linkResolver.cpp, line 759]
Event: 0.263 Thread 0x0000029866b93380 Exception <a 'java/lang/NoSuchMethodError'{0x0000000713a91d00}: 'java.lang.Object java.lang.invoke.DirectMethodHandle$Holder.invokeStaticInit(java.lang.Object, java.lang.Object, long, java.lang.Object)'> (0x0000000713a91d00) 
thrown [s\src\hotspot\share\interpreter\linkResolver.cpp, line 759]
Event: 0.264 Thread 0x0000029866b93380 Exception <a 'java/lang/NoSuchMethodError'{0x0000000713a982c0}: 'java.lang.Object java.lang.invoke.DirectMethodHandle$Holder.newInvokeSpecial(java.lang.Object, java.lang.Object, long)'> (0x0000000713a982c0) 
thrown [s\src\hotspot\share\interpreter\linkResolver.cpp, line 759]
Event: 0.264 Thread 0x0000029866b93380 Exception <a 'java/lang/NoSuchMethodError'{0x0000000713a9be30}: 'java.lang.Object java.lang.invoke.Invokers$Holder.linkToTargetMethod(java.lang.Object, long, java.lang.Object)'> (0x0000000713a9be30) 
thrown [s\src\hotspot\share\interpreter\linkResolver.cpp, line 759]
Event: 0.331 Thread 0x0000029866b93380 Exception <a 'java/lang/NoSuchMethodError'{0x0000000713876e40}: 'java.lang.Object java.lang.invoke.DirectMethodHandle$Holder.invokeInterface(java.lang.Object, java.lang.Object)'> (0x0000000713876e40) 
thrown [s\src\hotspot\share\interpreter\linkResolver.cpp, line 759]
Event: 0.331 Thread 0x0000029866b93380 Exception <a 'java/lang/IncompatibleClassChangeError'{0x000000071387a638}: Found class java.lang.Object, but interface was expected> (0x000000071387a638) 
thrown [s\src\hotspot\share\interpreter\linkResolver.cpp, line 826]
Event: 0.924 Thread 0x0000029866b93380 Exception <a 'java/lang/NoSuchMethodError'{0x0000000713749900}: 'void java.lang.invoke.DirectMethodHandle$Holder.invokeSpecial(java.lang.Object, java.lang.Object, java.lang.Object, java.lang.Object, java.lang.Object)'> (0x0000000713749900) 
thrown [s\src\hotspot\share\interpreter\linkResolver.cpp, line 759]
Event: 0.925 Thread 0x0000029866b93380 Exception <a 'java/lang/NoSuchMethodError'{0x0000000713752890}: 'void java.lang.invoke.DirectMethodHandle$Holder.invokeSpecial(java.lang.Object, java.lang.Object, java.lang.Object)'> (0x0000000713752890) 
thrown [s\src\hotspot\share\interpreter\linkResolver.cpp, line 759]
Event: 0.925 Thread 0x0000029866b93380 Exception <a 'java/lang/NoSuchMethodError'{0x000000071375ba90}: 'void java.lang.invoke.DirectMethodHandle$Holder.invokeSpecial(java.lang.Object, java.lang.Object, int)'> (0x000000071375ba90) 
thrown [s\src\hotspot\share\interpreter\linkResolver.cpp, line 759]
Event: 0.926 Thread 0x0000029866b93380 Exception <a 'java/lang/NoSuchMethodError'{0x0000000713761aa8}: 'java.lang.Object java.lang.invoke.DirectMethodHandle$Holder.newInvokeSpecial(java.lang.Object, java.lang.Object, int)'> (0x0000000713761aa8) 
thrown [s\src\hotspot\share\interpreter\linkResolver.cpp, line 759]
Event: 0.976 Thread 0x0000029854a3df10 Exception <a 'java/lang/NoSuchMethodError'{0x00000007134a0308}: 'java.lang.Object java.lang.invoke.DirectMethodHandle$Holder.newInvokeSpecial(java.lang.Object, java.lang.Object, java.lang.Object, int, int, int, int, int)'> (0x00000007134a0308) 
thrown [s\src\hotspot\share\interpreter\linkResolver.cpp, line 759]
Event: 6.178 Thread 0x0000029854a3e930 Exception <a 'java/lang/NoSuchMethodError'{0x0000000712189a90}: 'void java.lang.invoke.DirectMethodHandle$Holder.invokeStatic(java.lang.Object, java.lang.Object)'> (0x0000000712189a90) 
thrown [s\src\hotspot\share\interpreter\linkResolver.cpp, line 759]
Event: 27.203 Thread 0x0000029854a3e930 Exception <a 'java/net/ConnectException'{0x000000071218f4e8}: Connection timed out: connect> (0x000000071218f4e8) 
thrown [s\src\hotspot\share\prims\jni.cpp, line 535]
Event: 27.207 Thread 0x0000029854a3e930 Exception <a 'java/net/SocketException'{0x0000000712190cd8}: Socket is not connected: shutdown> (0x0000000712190cd8) 
thrown [s\src\hotspot\share\prims\jni.cpp, line 535]
Event: 27.223 Thread 0x0000029854a3e930 Implicit null exception at 0x0000029877ab7d98 to 0x0000029877ab8021
Event: 48.462 Thread 0x0000029854a3e930 Exception <a 'java/net/ConnectException'{0x0000000714438980}: Connection timed out: connect> (0x0000000714438980) 
thrown [s\src\hotspot\share\prims\jni.cpp, line 535]
Event: 48.462 Thread 0x0000029854a3e930 Exception <a 'java/net/SocketException'{0x0000000714438f60}: Socket is not connected: shutdown> (0x0000000714438f60) 
thrown [s\src\hotspot\share\prims\jni.cpp, line 535]
Event: 48.470 Thread 0x0000029854a3e420 Exception <a 'java/lang/InterruptedException'{0x000000071432ed00}> (0x000000071432ed00) 
thrown [s\src\hotspot\share\runtime\objectMonitor.cpp, line 1658]

VM Operations (20 events):
Event: 6.161 Executing VM operation: Cleanup done
Event: 6.170 Executing VM operation: HandshakeAllThreads
Event: 6.170 Executing VM operation: HandshakeAllThreads done
Event: 7.170 Executing VM operation: Cleanup
Event: 7.171 Executing VM operation: Cleanup done
Event: 27.233 Executing VM operation: HandshakeAllThreads
Event: 27.233 Executing VM operation: HandshakeAllThreads done
Event: 27.233 Executing VM operation: Cleanup
Event: 27.233 Executing VM operation: Cleanup done
Event: 27.313 Executing VM operation: G1CollectForAllocation
Event: 27.316 Executing VM operation: G1CollectForAllocation done
Event: 29.316 Executing VM operation: Cleanup
Event: 29.316 Executing VM operation: Cleanup done
Event: 42.609 Executing VM operation: HandshakeAllThreads
Event: 42.609 Executing VM operation: HandshakeAllThreads done
Event: 43.609 Executing VM operation: Cleanup
Event: 43.609 Executing VM operation: Cleanup done
Event: 45.610 Executing VM operation: Cleanup
Event: 45.610 Executing VM operation: Cleanup done
Event: 48.579 Executing VM operation: Exit

Events (20 events):
Event: 36.955 Thread 0x0000029852543200 Thread exited: 0x0000029852543200
Event: 42.607 loading class sun/nio/cs/UTF_8$Encoder
Event: 42.607 loading class sun/nio/cs/UTF_8$Encoder done
Event: 48.470 Thread 0x0000029854a3df10 Thread added: 0x0000029854a3df10
Event: 48.470 Thread 0x0000029861eb85e0 Thread added: 0x0000029861eb85e0
Event: 48.470 Thread 0x0000029861eb80d0 Thread added: 0x0000029861eb80d0
Event: 48.470 Thread 0x0000029861eba440 Thread added: 0x0000029861eba440
Event: 48.470 Thread 0x0000029854a3e420 Thread exited: 0x0000029854a3e420
Event: 48.470 loading class java/nio/channels/ClosedChannelException
Event: 48.470 loading class java/nio/channels/ClosedChannelException done
Event: 48.471 Thread 0x0000029854a3df10 Thread exited: 0x0000029854a3df10
Event: 48.471 loading class sun/font/SunFontManager$8$1
Event: 48.471 Thread 0x0000029861ebe100 Thread added: 0x0000029861ebe100
Event: 48.471 loading class sun/font/SunFontManager$8$1 done
Event: 48.471 Thread 0x0000029854a3ee40 Thread exited: 0x0000029854a3ee40
Event: 48.471 Thread 0x0000029861eba440 Thread exited: 0x0000029861eba440
Event: 48.473 Thread 0x0000029852148950 Thread exited: 0x0000029852148950
Event: 48.500 Thread 0x0000029853ff7010 Thread exited: 0x0000029853ff7010
Event: 48.505 Thread 0x0000029861eb85e0 Thread exited: 0x0000029861eb85e0
Event: 48.572 Thread 0x0000029861eb80d0 Thread exited: 0x0000029861eb80d0


Dynamic libraries:
0x00007ff69b940000 - 0x00007ff69b94e000 	C:\Program Files\Processing\app\resources\jdk\bin\java.exe
0x00007ffae1110000 - 0x00007ffae1308000 	C:\Windows\SYSTEM32\ntdll.dll
0x00007ffadf1f0000 - 0x00007ffadf2b2000 	C:\Windows\System32\KERNEL32.DLL
0x00007ffade930000 - 0x00007ffadec26000 	C:\Windows\System32\KERNELBASE.dll
0x00007ffadef90000 - 0x00007ffadf090000 	C:\Windows\System32\ucrtbase.dll
0x00007ffad5550000 - 0x00007ffad5567000 	C:\Program Files\Processing\app\resources\jdk\bin\jli.dll
0x00007ffad4430000 - 0x00007ffad4449000 	C:\Program Files\Processing\app\resources\jdk\bin\VCRUNTIME140.dll
0x00007ffadf550000 - 0x00007ffadf6ed000 	C:\Windows\System32\USER32.dll
0x00007ffac37c0000 - 0x00007ffac3a5a000 	C:\Windows\WinSxS\amd64_microsoft.windows.common-controls_6595b64144ccf1df_6.0.19041.5915_none_60b4b9d171f9c7c7\COMCTL32.dll
0x00007ffade7a0000 - 0x00007ffade7c2000 	C:\Windows\System32\win32u.dll
0x00007ffadf130000 - 0x00007ffadf1ce000 	C:\Windows\System32\msvcrt.dll
0x00007ffadf880000 - 0x00007ffadf8ab000 	C:\Windows\System32\GDI32.dll
0x00007ffaded70000 - 0x00007ffadee89000 	C:\Windows\System32\gdi32full.dll
0x00007ffadf090000 - 0x00007ffadf12d000 	C:\Windows\System32\msvcp_win.dll
0x00007ffadf400000 - 0x00007ffadf42f000 	C:\Windows\System32\IMM32.DLL
0x00007ffad4540000 - 0x00007ffad454c000 	C:\Program Files\Processing\app\resources\jdk\bin\vcruntime140_1.dll
0x00007ffaa9660000 - 0x00007ffaa96f1000 	C:\Program Files\Processing\app\resources\jdk\bin\msvcp140.dll
0x00007ffa3bac0000 - 0x00007ffa3c70c000 	C:\Program Files\Processing\app\resources\jdk\bin\server\jvm.dll
0x00007ffadfb50000 - 0x00007ffadfc01000 	C:\Windows\System32\ADVAPI32.dll
0x00007ffae0080000 - 0x00007ffae011f000 	C:\Windows\System32\sechost.dll
0x00007ffadf990000 - 0x00007ffadfab3000 	C:\Windows\System32\RPCRT4.dll
0x00007ffadef60000 - 0x00007ffadef87000 	C:\Windows\System32\bcrypt.dll
0x00007ffacfc60000 - 0x00007ffacfc87000 	C:\Windows\SYSTEM32\WINMM.dll
0x00007ffaddd20000 - 0x00007ffaddd6b000 	C:\Windows\SYSTEM32\POWRPROF.dll
0x00007ffad3950000 - 0x00007ffad395a000 	C:\Windows\SYSTEM32\VERSION.dll
0x00007ffad9120000 - 0x00007ffad9129000 	C:\Windows\SYSTEM32\WSOCK32.dll
0x00007ffadfdd0000 - 0x00007ffadfe3b000 	C:\Windows\System32\WS2_32.dll
0x00007ffaddba0000 - 0x00007ffaddbb2000 	C:\Windows\SYSTEM32\UMPDC.dll
0x00007ffadcfc0000 - 0x00007ffadcfd2000 	C:\Windows\SYSTEM32\kernel.appcore.dll
0x00007ffad4420000 - 0x00007ffad442a000 	C:\Program Files\Processing\app\resources\jdk\bin\jimage.dll
0x00007ffadc4d0000 - 0x00007ffadc6d1000 	C:\Windows\SYSTEM32\DBGHELP.DLL
0x00007ffad33d0000 - 0x00007ffad3404000 	C:\Windows\SYSTEM32\dbgcore.DLL
0x00007ffadec30000 - 0x00007ffadecb2000 	C:\Windows\System32\bcryptPrimitives.dll
0x00007ffaac5a0000 - 0x00007ffaac5db000 	C:\Program Files\Processing\app\resources\jdk\bin\jdwp.dll
0x00007ffad4330000 - 0x00007ffad4355000 	C:\Program Files\Processing\app\resources\jdk\bin\java.dll
0x00007ffa9ed10000 - 0x00007ffa9ede6000 	C:\Program Files\Processing\app\resources\jdk\bin\jsvml.dll
0x00007ffae0120000 - 0x00007ffae088e000 	C:\Windows\System32\SHELL32.dll
0x00007ffadc800000 - 0x00007ffadcfa4000 	C:\Windows\SYSTEM32\windows.storage.dll
0x00007ffae0d60000 - 0x00007ffae10b3000 	C:\Windows\System32\combase.dll
0x00007ffade1d0000 - 0x00007ffade1fb000 	C:\Windows\SYSTEM32\Wldp.dll
0x00007ffadfe40000 - 0x00007ffadff0d000 	C:\Windows\System32\OLEAUT32.dll
0x00007ffadf2c0000 - 0x00007ffadf36d000 	C:\Windows\System32\SHCORE.dll
0x00007ffadffc0000 - 0x00007ffae001b000 	C:\Windows\System32\shlwapi.dll
0x00007ffade6d0000 - 0x00007ffade6f4000 	C:\Windows\SYSTEM32\profapi.dll
0x00007ffad43b0000 - 0x00007ffad43bc000 	C:\Program Files\Processing\app\resources\jdk\bin\dt_socket.dll
0x00007ffaddbc0000 - 0x00007ffaddbfb000 	C:\Windows\SYSTEM32\IPHLPAPI.DLL
0x00007ffaddf30000 - 0x00007ffaddf9a000 	C:\Windows\system32\mswsock.dll
0x00007ffabffb0000 - 0x00007ffabffc9000 	C:\Program Files\Processing\app\resources\jdk\bin\net.dll
0x00007ffad8120000 - 0x00007ffad822a000 	C:\Windows\SYSTEM32\WINHTTP.dll
0x00007ffabf780000 - 0x00007ffabf795000 	C:\Program Files\Processing\app\resources\jdk\bin\nio.dll
0x00007ffab7dc0000 - 0x00007ffab7dd8000 	C:\Program Files\Processing\app\resources\jdk\bin\zip.dll
0x00007ffa946c0000 - 0x00007ffa9484e000 	C:\Program Files\Processing\app\resources\jdk\bin\awt.dll
0x00007ffad7e10000 - 0x00007ffad7ea4000 	C:\Windows\SYSTEM32\apphelp.dll
0x00007ffadbb10000 - 0x00007ffadbbae000 	C:\Windows\system32\uxtheme.dll
0x00007ffadf430000 - 0x00007ffadf545000 	C:\Windows\System32\MSCTF.dll
0x00007ffadf6f0000 - 0x00007ffadf81b000 	C:\Windows\System32\ole32.dll
0x00007ffadbf10000 - 0x00007ffadbf3f000 	C:\Windows\system32\DWMAPI.DLL
0x00007ffa70ae0000 - 0x00007ffa70c08000 	C:\Windows\system32\opengl32.dll
0x00007ffa70a90000 - 0x00007ffa70abc000 	C:\Windows\SYSTEM32\GLU32.dll
0x00007ffade130000 - 0x00007ffade148000 	C:\Windows\SYSTEM32\CRYPTSP.dll
0x00007ffadd7e0000 - 0x00007ffadd818000 	C:\Windows\system32\rsaenh.dll
0x00007ffade690000 - 0x00007ffade6be000 	C:\Windows\SYSTEM32\USERENV.dll
0x00007ffade120000 - 0x00007ffade12c000 	C:\Windows\SYSTEM32\CRYPTBASE.dll
0x00007ffae10c0000 - 0x00007ffae10c8000 	C:\Windows\System32\NSI.dll
0x00007ffad5c20000 - 0x00007ffad5c37000 	C:\Windows\SYSTEM32\dhcpcsvc6.DLL
0x00007ffad5df0000 - 0x00007ffad5e0d000 	C:\Windows\SYSTEM32\dhcpcsvc.DLL
0x00007ffaddc00000 - 0x00007ffaddcca000 	C:\Windows\SYSTEM32\DNSAPI.dll
0x00007ffab7bd0000 - 0x00007ffab7be3000 	C:\Users\CIFOG\AppData\Local\Temp\jogamp_0000\file_cache\jln7777285783837515585\jln6552284108816387903\natives\windows-amd64\gluegen_rt.dll
0x00007ffad2790000 - 0x00007ffad2797000 	C:\Program Files\Processing\app\resources\jdk\bin\jawt.dll
0x00007ffad11a0000 - 0x00007ffad11ad000 	C:\Users\CIFOG\AppData\Local\Temp\jogamp_0000\file_cache\jln7777285783837515585\jln6552284108816387903\natives\windows-amd64\nativewindow_awt.dll
0x00007ffab6570000 - 0x00007ffab6585000 	C:\Users\CIFOG\AppData\Local\Temp\jogamp_0000\file_cache\jln7777285783837515585\jln6552284108816387903\natives\windows-amd64\nativewindow_win32.dll
0x00007ffaa95d0000 - 0x00007ffaa9653000 	C:\Users\CIFOG\AppData\Local\Temp\jogamp_0000\file_cache\jln7777285783837515585\jln6552284108816387903\natives\windows-amd64\jogl_desktop.dll
0x00007ffaa9d50000 - 0x00007ffaa9da2000 	C:\Users\CIFOG\AppData\Local\Temp\jogamp_0000\file_cache\jln7777285783837515585\jln6552284108816387903\natives\windows-amd64\jogl_mobile.dll
0x00007ffadff10000 - 0x00007ffadffb9000 	C:\Windows\System32\clbcatq.dll
0x00007ffa342b0000 - 0x00007ffa35337000 	C:\Windows\System32\DriverStore\FileRepository\iigd_dch.inf_amd64_357acc06f2c40efb\igxelpicd64.dll
0x00007ffadd030000 - 0x00007ffadd126000 	C:\Windows\system32\dxgi.dll
0x00007ffa94580000 - 0x00007ffa946bc000 	C:\Windows\System32\DriverStore\FileRepository\iigd_dch.inf_amd64_357acc06f2c40efb\igdml64.dll
0x00007ffac90d0000 - 0x00007ffac94d9000 	C:\Windows\System32\DriverStore\FileRepository\iigd_dch.inf_amd64_357acc06f2c40efb\igdgmm64.dll
0x00007ffac4a40000 - 0x00007ffac90c4000 	C:\Windows\System32\DriverStore\FileRepository\iigd_dch.inf_amd64_357acc06f2c40efb\igc64.dll
0x00007ffab5180000 - 0x00007ffab5199000 	C:\Users\CIFOG\AppData\Local\Temp\jogamp_0000\file_cache\jln7777285783837515585\jln6552284108816387903\natives\windows-amd64\newt_head.dll
0x00007ffad6020000 - 0x00007ffad60ce000 	C:\Windows\SYSTEM32\mscms.dll
0x00007ffad6000000 - 0x00007ffad6011000 	C:\Windows\SYSTEM32\ColorAdapterClient.dll
0x00007ffaa9e80000 - 0x00007ffaa9ec5000 	C:\Windows\SYSTEM32\icm32.dll
0x00007ffae0890000 - 0x00007ffae0d00000 	C:\Windows\System32\setupapi.dll
0x00007ffadee90000 - 0x00007ffadeede000 	C:\Windows\System32\cfgmgr32.dll
0x00007ffade530000 - 0x00007ffade563000 	C:\Windows\SYSTEM32\DEVOBJ.dll
0x00007ffadeee0000 - 0x00007ffadef53000 	C:\Windows\System32\WINTRUST.dll
0x00007ffade7d0000 - 0x00007ffade92d000 	C:\Windows\System32\CRYPT32.dll
0x00007ffade360000 - 0x00007ffade372000 	C:\Windows\SYSTEM32\MSASN1.dll
0x00007ffab9e80000 - 0x00007ffab9f79000 	C:\Windows\SYSTEM32\textinputframework.dll
0x00007ffad7460000 - 0x00007ffad77bb000 	C:\Windows\System32\CoreUIComponents.dll
0x00007ffad7bd0000 - 0x00007ffad7cc2000 	C:\Windows\System32\CoreMessaging.dll
0x00007ffadda30000 - 0x00007ffadda63000 	C:\Windows\SYSTEM32\ntmarta.dll
0x00007ffad83b0000 - 0x00007ffad8507000 	C:\Windows\SYSTEM32\wintypes.dll
0x00007ffac0020000 - 0x00007ffac0030000 	C:\Program Files\Processing\app\resources\jdk\bin\verify.dll
0x0000000070e80000 - 0x0000000070e9e000 	C:\Users\CIFOG\AppData\Local\Temp\nativelib-loader_14342017302623228877\jssc.dll
0x00007ffaa9100000 - 0x00007ffaa9186000 	C:\Program Files\Processing\app\resources\jdk\bin\freetype.dll
0x00007ffa9cdb0000 - 0x00007ffa9ce83000 	C:\Program Files\Processing\app\resources\jdk\bin\fontmanager.dll

dbghelp: loaded successfully - version: 4.0.5 - missing functions: none
symbol engine: initialized successfully - sym options: 0x614 - pdb path: .;C:\Program Files\Processing\app\resources\jdk\bin;C:\Windows\SYSTEM32;C:\Windows\WinSxS\amd64_microsoft.windows.common-controls_6595b64144ccf1df_6.0.19041.5915_none_60b4b9d171f9c7c7;C:\Program Files\Processing\app\resources\jdk\bin\server;C:\Users\CIFOG\AppData\Local\Temp\jogamp_0000\file_cache\jln7777285783837515585\jln6552284108816387903\natives\windows-amd64;C:\Windows\System32\DriverStore\FileRepository\iigd_dch.inf_amd64_357acc06f2c40efb;C:\Users\CIFOG\AppData\Local\Temp\nativelib-loader_14342017302623228877

VM Arguments:
jvm_args: -agentlib:jdwp=transport=dt_socket,address=8592,server=y,suspend=y,quiet=y -Djna.nosys=true -Djava.library.path=;C:\Program Files\Processing\app\resources\core\library;C:\Program Files\Processing\app\resources\modes\java\libraries\serial\library;C:\Program Files\Processing;C:\Windows\system32;C:\Windows;C:\Program Files\Common Files\Oracle\Java\javapath;C:\Program Files (x86)\Common Files\Oracle\Java\java8path;C:\Program Files (x86)\Common Files\Intel\Shared Libraries\redist\intel64\compiler;C:\Windows\system32;C:\Windows;C:\Windows\System32\Wbem;C:\Windows\System32\WindowsPowerShell\v1.0;C:\Windows\System32\OpenSSH;C:\Program Files\NVIDIA Corporation\NVIDIA NvDLISR;C:\Program Files (x86)\NVIDIA Corporation\PhysX\Common;C:\Program Files\dotnet;C:\Users\CIFOG\AppData\Local\Microsoft\WindowsApps;C:\Users\CIFOG\AppData\Local\GitHubDesktop\bin;C:\Program Files\Processing\app;. -ea 
java_command: processing.core.PApplet --location=0,29 --external --display=1 --sketch-path=C:\Git\arduino-bubbles\video_processing video_processing
java_class_path (initial): C:\Users\CIFOG\AppData\Local\Temp\processing\video_processing11867527343113564930temp;C:\Program Files\Processing\app\resources\core\library\annotations-13.0.jar;C:\Program Files\Processing\app\resources\core\library\antlr-2.7.7.jar;C:\Program Files\Processing\app\resources\core\library\core-4.4.4.jar;C:\Program Files\Processing\app\resources\core\library\gluegen-rt-2.5.0-natives-android-aarch64.jar;C:\Program Files\Processing\app\resources\core\library\gluegen-rt-2.5.0-natives-linux-aarch64.jar;C:\Program Files\Processing\app\resources\core\library\gluegen-rt-2.5.0-natives-linux-amd64.jar;C:\Program Files\Processing\app\resources\core\library\gluegen-rt-2.5.0-natives-linux-armv6hf.jar;C:\Program Files\Processing\app\resources\core\library\gluegen-rt-2.5.0-natives-macosx-universal.jar;C:\Program Files\Processing\app\resources\core\library\gluegen-rt-2.5.0-natives-windows-amd64.jar;C:\Program Files\Processing\app\resources\core\library\gluegen-rt-2.5.0.jar;C:\Program Files\Processing\app\resources\core\library\gluegen-rt-main-2.5.0.jar;C:\Program Files\Processing\app\resources\core\library\jogl-all-2.5.0-natives-android-aarch64.jar;C:\Program Files\Processing\app\resources\core\library\jogl-all-2.5.0-natives-linux-aarch64.jar;C:\Program Files\Processing\app\resources\core\library\jogl-all-2.5.0-natives-linux-amd64.jar;C:\Program Files\Processing\app\resources\core\library\jogl-all-2.5.0-natives-linux-armv6hf.jar;C:\Program Files\Processing\app\resources\core\library\jogl-all-2.5.0-natives-macosx-universal.jar;C:\Program Files\Processing\app\resources\core\library\jogl-all-2.5.0-natives-windows-amd64.jar;C:\Program Files\Processing\app\resources\core\library\jogl-all-2.5.0.jar;C:\Program Files\Processing\app\resources\core\library\jogl-all-main-2.5.0.jar;C:\Program Files\Processing\app\resources\core\library\kotlin-stdlib-2.0.20.jar;C:\Program Files\Processing\app\resources\modes\java\libraries\serial\library\jssc.jar;C:\Program Files\Proc
Launcher Type: SUN_STANDARD

[Global flags]
     intx CICompilerCount                          = 12                                        {product} {ergonomic}
     uint ConcGCThreads                            = 4                                         {product} {ergonomic}
     uint G1ConcRefinementThreads                  = 15                                        {product} {ergonomic}
   size_t G1HeapRegionSize                         = 2097152                                   {product} {ergonomic}
    uintx GCDrainStackTargetSize                   = 64                                        {product} {ergonomic}
   size_t InitialHeapSize                          = 264241152                                 {product} {ergonomic}
   size_t MarkStackSize                            = 4194304                                   {product} {ergonomic}
   size_t MaxHeapSize                              = 4217372672                                {product} {ergonomic}
   size_t MaxNewSize                               = 2529165312                                {product} {ergonomic}
   size_t MinHeapDeltaBytes                        = 2097152                                   {product} {ergonomic}
   size_t MinHeapSize                              = 8388608                                   {product} {ergonomic}
    uintx NonNMethodCodeHeapSize                   = 7602480                                {pd product} {ergonomic}
    uintx NonProfiledCodeHeapSize                  = 122027880                              {pd product} {ergonomic}
    uintx ProfiledCodeHeapSize                     = 122027880                              {pd product} {ergonomic}
    uintx ReservedCodeCacheSize                    = 251658240                              {pd product} {ergonomic}
     bool SegmentedCodeCache                       = true                                      {product} {ergonomic}
   size_t SoftMaxHeapSize                          = 4217372672                             {manageable} {ergonomic}
     bool UseCompressedClassPointers               = true                           {product lp64_product} {ergonomic}
     bool UseCompressedOops                        = true                           {product lp64_product} {ergonomic}
     bool UseG1GC                                  = true                                      {product} {ergonomic}
     bool UseLargePagesIndividualAllocation        = false                                  {pd product} {ergonomic}

Logging:
Log output configuration:
 #0: stdout all=off uptime,level,tags
 #1: stderr all=off uptime,level,tags

Environment Variables:
PATH=C:\Program Files\Common Files\Oracle\Java\javapath;C:\Program Files (x86)\Common Files\Oracle\Java\java8path;C:\Program Files (x86)\Common Files\Oracle\Java\javapath;C:\Program Files (x86)\Common Files\Intel\Shared Libraries\redist\intel64\compiler;C:\Windows\system32;C:\Windows;C:\Windows\System32\Wbem;C:\Windows\System32\WindowsPowerShell\v1.0\;C:\Windows\System32\OpenSSH\;C:\Program Files\NVIDIA Corporation\NVIDIA NvDLISR;C:\Program Files (x86)\NVIDIA Corporation\PhysX\Common;C:\Program Files\dotnet\;C:\Users\CIFOG\AppData\Local\Microsoft\WindowsApps;C:\Users\CIFOG\.dotnet\tools;C:\Users\CIFOG\AppData\Local\GitHubDesktop\bin;C:\Program Files\Processing\app
USERNAME=CIFOG
OS=Windows_NT
PROCESSOR_IDENTIFIER=Intel64 Family 6 Model 154 Stepping 3, GenuineIntel
TMP=C:\Users\CIFOG\AppData\Local\Temp
TEMP=C:\Users\CIFOG\AppData\Local\Temp



---------------  S Y S T E M  ---------------

OS:
 Windows 10 , 64 bit Build 19041 (10.0.19041.5915)
OS uptime: 5 days 7:32 hours

CPU: total 20 (initial active 20) (10 cores per cpu, 2 threads per core) family 6 model 154 stepping 3 microcode 0x413, cx8, cmov, fxsr, ht, mmx, 3dnowpref, sse, sse2, sse3, ssse3, sse4.1, sse4.2, popcnt, lzcnt, tsc, tscinvbit, avx, avx2, aes, erms, clmul, bmi1, bmi2, adx, sha, fma, vzeroupper, clflush, clflushopt, clwb
Processor Information for processor 0
  Max Mhz: 2700, Current Mhz: 2700, Mhz Limit: 2700
Processor Information for processor 1
  Max Mhz: 2700, Current Mhz: 2700, Mhz Limit: 2700
Processor Information for processor 2
  Max Mhz: 2700, Current Mhz: 2700, Mhz Limit: 2700
Processor Information for processor 3
  Max Mhz: 2700, Current Mhz: 2700, Mhz Limit: 2700
Processor Information for processor 4
  Max Mhz: 2700, Current Mhz: 2700, Mhz Limit: 2700
Processor Information for processor 5
  Max Mhz: 2700, Current Mhz: 2700, Mhz Limit: 2700
Processor Information for processor 6
  Max Mhz: 2700, Current Mhz: 2700, Mhz Limit: 2700
Processor Information for processor 7
  Max Mhz: 2700, Current Mhz: 2700, Mhz Limit: 2700
Processor Information for processor 8
  Max Mhz: 2700, Current Mhz: 2700, Mhz Limit: 2700
Processor Information for processor 9
  Max Mhz: 2700, Current Mhz: 2700, Mhz Limit: 2700
Processor Information for processor 10
  Max Mhz: 2700, Current Mhz: 2700, Mhz Limit: 2700
Processor Information for processor 11
  Max Mhz: 2700, Current Mhz: 2700, Mhz Limit: 2700
Processor Information for processor 12
  Max Mhz: 2700, Current Mhz: 1995, Mhz Limit: 1971
Processor Information for processor 13
  Max Mhz: 2700, Current Mhz: 1995, Mhz Limit: 1971
Processor Information for processor 14
  Max Mhz: 2700, Current Mhz: 1995, Mhz Limit: 1971
Processor Information for processor 15
  Max Mhz: 2700, Current Mhz: 1995, Mhz Limit: 1971
Processor Information for processor 16
  Max Mhz: 2700, Current Mhz: 1995, Mhz Limit: 1971
Processor Information for processor 17
  Max Mhz: 2700, Current Mhz: 1995, Mhz Limit: 1971
Processor Information for processor 18
  Max Mhz: 2700, Current Mhz: 1995, Mhz Limit: 1971
Processor Information for processor 19
  Max Mhz: 2700, Current Mhz: 1995, Mhz Limit: 1971

Memory: 4k page, system-wide physical 16084M (8044M free)
TotalPageFile size 20942M (AvailPageFile size 11246M)
current process WorkingSet (physical memory assigned to process): 407M, peak: 418M
current process commit charge ("private bytes"): 605M, peak: 617M

vm_info: OpenJDK 64-Bit Server VM (17.0.8.1+1) for windows-amd64 JRE (17.0.8.1+1), built on Aug 23 2023 15:29:17 by "admin" with MS VC++ 16.7 (VS2019)

END.
