#
# A fatal error has been detected by the Java Runtime Environment:
#
#  EXCEPTION_ACCESS_VIOLATION (0xc0000005) at pc=0x00007ffa34357a32, pid=11524, tid=1660
#
# JRE version: OpenJDK Runtime Environment Temurin-17.0.8.1+1 (17.0.8.1+1) (build 17.0.8.1+1)
# Java VM: OpenJDK 64-Bit Server VM Temurin-17.0.8.1+1 (17.0.8.1+1, mixed mode, sharing, tiered, compressed oops, compressed class ptrs, g1 gc, windows-amd64)
# Problematic frame:
# C  [igxelpicd64.dll+0xa7a32]
#
# No core dump will be written. Minidumps are not enabled by default on client versions of Windows
#
# If you would like to submit a bug report, please visit:
#   https://github.com/adoptium/adoptium-support/issues
#

---------------  S U M M A R Y ------------

Command Line: -agentlib:jdwp=transport=dt_socket,address=8053,server=y,suspend=y,quiet=y -Djna.nosys=true -Djava.library.path=;C:\Program Files\Processing\app\resources\core\library;C:\Program Files\Processing\app\resources\modes\java\libraries\serial\library;C:\Program Files\Processing;C:\Windows\system32;C:\Windows;C:\Program Files\Common Files\Oracle\Java\javapath;C:\Program Files (x86)\Common Files\Oracle\Java\java8path;C:\Program Files (x86)\Common Files\Intel\Shared Libraries\redist\intel64\compiler;C:\Windows\system32;C:\Windows;C:\Windows\System32\Wbem;C:\Windows\System32\WindowsPowerShell\v1.0;C:\Windows\System32\OpenSSH;C:\Program Files\NVIDIA Corporation\NVIDIA NvDLISR;C:\Program Files (x86)\NVIDIA Corporation\PhysX\Common;C:\Program Files\dotnet;C:\Users\CIFOG\AppData\Local\Microsoft\WindowsApps;C:\Users\CIFOG\AppData\Local\GitHubDesktop\bin;C:\Program Files\Processing\app;. -ea processing.core.PApplet --editor-location=418,132 --external --display=1 --sketch-path=C:\Git\arduino-bubbles\video_processing video_processing

Host: 12th Gen Intel(R) Core(TM) i7-12700H, 20 cores, 15G,  Windows 10 , 64 bit Build 19041 (10.0.19041.5915)
Time: Sun Jul 20 15:18:14 2025 Romance Summer Time elapsed time: 57.572180 seconds (0d 0h 0m 57s)

---------------  T H R E A D  ---------------

Current thread (0x0000020eee97f680):  VMThread "VM Thread" [stack: 0x0000004634000000,0x0000004634100000] [id=1660]

Stack: [0x0000004634000000,0x0000004634100000],  sp=0x00000046340fe920,  free space=1018k
Native frames: (J=compiled Java code, j=interpreted, Vv=VM code, C=native code)
C  [igxelpicd64.dll+0xa7a32]


siginfo: EXCEPTION_ACCESS_VIOLATION (0xc0000005), reading address 0x0000000000035898


Register to memory mapping:

RIP=0x00007ffa34357a32 igxelpicd64.dll
RAX=0x0000020ec5139428 points into unknown readable memory: 0x0000000000742568 | 68 25 74 00 00 00 00 00
RBX=0x0000020ec5139200 points into unknown readable memory: 0x0000020ef4774990 | 90 49 77 f4 0e 02 00 00
RCX=0x0 is NULL
RDX=0x00000000fffffff4 is an unknown value
RSP=0x00000046340fe920 points into unknown readable memory: 0x0000020ef4720a70 | 70 0a 72 f4 0e 02 00 00
RBP=0x0 is NULL
RSI=0x0000020ec51397d0 points into unknown readable memory: 0x0000020ec5138b70 | 70 8b 13 c5 0e 02 00 00
RDI=0x0000020ef65231d0 points into unknown readable memory: 0x0000020ef66fe000 | 00 e0 6f f6 0e 02 00 00
R8 =0x0000000000000014 is an unknown value
R9 =0x0000000000000004 is an unknown value
R10=0x0 is NULL
R11=0x0000000000000246 is an unknown value
R12=0x0000020ef66e9100 points into unknown readable memory: 0x00007ffa34dff8d4 | d4 f8 df 34 fa 7f 00 00
R13=0x0000020ec5138b70 points into unknown readable memory: 0x0000020ef4774990 | 90 49 77 f4 0e 02 00 00
R14=0x0000000000742900 is an unknown value
R15=0x0000000000000016 is an unknown value


Registers:
RAX=0x0000020ec5139428, RBX=0x0000020ec5139200, RCX=0x0000000000000000, RDX=0x00000000fffffff4
RSP=0x00000046340fe920, RBP=0x0000000000000000, RSI=0x0000020ec51397d0, RDI=0x0000020ef65231d0
R8 =0x0000000000000014, R9 =0x0000000000000004, R10=0x0000000000000000, R11=0x0000000000000246
R12=0x0000020ef66e9100, R13=0x0000020ec5138b70, R14=0x0000000000742900, R15=0x0000000000000016
RIP=0x00007ffa34357a32, EFLAGS=0x0000000000010206

Top of Stack: (sp=0x00000046340fe920)
0x00000046340fe920:   0000020ef4720a70 00007ffadf5df070
0x00000046340fe930:   cee501274ce500c9 00007ffae11b1374
0x00000046340fe940:   1be70339fbe60081 1be900fa9ee802ec
0x00000046340fe950:   c6ea02cc94ea02b3 3eed0122b9ec036a
0x00000046340fe960:   0000000000000013 0000000000742970
0x00000046340fe970:   0000740419d00000 0000020ef66e9118
0x00000046340fe980:   0000000000000000 0000000000000000
0x00000046340fe990:   00000046340feaa0 00007ffa3433d5df
0x00000046340fe9a0:   0000020ef4720a70 0000020ef65231d0
0x00000046340fe9b0:   12f70369e9f60000 d3f702b298f70000
0x00000046340fe9c0:   00000046000be0e4 21f9014500000000
0x00000046340fe9d0:   0000000000000000 001040187a000004
0x00000046340fe9e0:   0000000000000000 0000000000000000
0x00000046340fe9f0:   000010027a000004 0000000000000000
0x00000046340fea00:   0000000000000000 001040007a000004
0x00000046340fea10:   0000000000000000 0000000000000000 

Instructions: (pc=0x00007ffa34357a32)
0x00007ffa34357932:   8b fa 48 8b e9 48 8b 1d 92 c4 f1 00 48 89 58 08
0x00007ffa34357942:   48 8b cb ff 15 dd 48 a9 00 90 4c 8b af 78 02 00
0x00007ffa34357952:   00 48 8b 05 c6 69 e1 00 44 8b b8 a0 0b 00 00 45
0x00007ffa34357962:   33 d2 45 8a f2 4c 89 97 78 02 00 00 44 89 97 80
0x00007ffa34357972:   02 00 00 4c 89 97 a0 02 00 00 4c 89 97 88 02 00
0x00007ffa34357982:   00 48 85 ed 75 38 8b 35 22 9e f1 00 65 48 8b 04
0x00007ffa34357992:   25 58 00 00 00 b9 14 00 00 00 48 8b 04 f0 44 38
0x00007ffa343579a2:   14 01 0f 84 86 98 94 00 65 48 8b 04 25 58 00 00
0x00007ffa343579b2:   00 bd 20 00 00 00 48 8b 04 f0 48 8b 2c 28 48 3b
0x00007ffa343579c2:   2d 79 ab f1 00 45 0f 44 fa 4d 85 ed 0f 84 2b 01
0x00007ffa343579d2:   00 00 44 8a a4 24 90 00 00 00 49 8b dd 49 8d b5
0x00007ffa343579e2:   d0 05 00 00 4c 8b 2e 45 84 e4 0f 85 39 03 00 00
0x00007ffa343579f2:   44 8b 8f c8 01 00 00 48 8b 05 20 69 e1 00 83 b8
0x00007ffa34357a02:   70 03 00 00 02 75 36 41 8d 51 f0 41 83 f9 10 0f
0x00007ffa34357a12:   83 2d 01 00 00 4a 8d 04 cd 21 00 00 00 49 03 c1
0x00007ffa34357a22:   48 8d 04 c3 48 85 c0 0f 85 03 01 00 00 49 8b ca
0x00007ffa34357a32:   48 3b 8d 98 58 03 00 0f 87 fe 97 94 00 48 8d 93
0x00007ffa34357a42:   08 01 00 00 4c 39 93 48 06 00 00 0f 85 69 99 94
0x00007ffa34357a52:   00 44 8b 9f c8 01 00 00 48 8b 87 e0 01 00 00 4c
0x00007ffa34357a62:   8b 10 44 8b 87 c8 01 00 00 41 83 f8 10 0f 83 fc
0x00007ffa34357a72:   00 00 00 4b 8d 0c c0 48 8d 04 ca 48 85 c0 0f 85
0x00007ffa34357a82:   b5 00 00 00 33 c9 49 3b ca 0f 86 11 01 00 00 45
0x00007ffa34357a92:   33 d2 48 8b 87 78 02 00 00 48 89 06 48 89 9f 78
0x00007ffa34357aa2:   02 00 00 ff 87 80 02 00 00 48 8b 43 08 48 8b 88
0x00007ffa34357ab2:   18 01 00 00 48 81 e1 00 00 ff ff 48 81 c1 00 00
0x00007ffa34357ac2:   01 00 48 01 8f 88 02 00 00 48 8b 43 08 48 8b 88
0x00007ffa34357ad2:   18 01 00 00 48 01 8f a0 02 00 00 4d 85 ed 0f 85
0x00007ffa34357ae2:   f6 fe ff ff 45 84 f6 44 8a a4 24 98 00 00 00 0f
0x00007ffa34357af2:   85 11 99 94 00 48 8b 9c 24 80 00 00 00 48 8b cf
0x00007ffa34357b02:   45 84 e4 0f 85 30 02 00 00 e8 d0 fa ff ff 90 48
0x00007ffa34357b12:   8b cb 48 8b 9c 24 88 00 00 00 48 83 c4 40 41 5f
0x00007ffa34357b22:   41 5e 41 5d 41 5c 5f 5e 5d 48 ff 25 ee 46 a9 00 


Stack slot to memory mapping:
stack at sp + 0 slots: 0x0000020ef4720a70 points into unknown readable memory: 0xffffffffffffffff | ff ff ff ff ff ff ff ff
stack at sp + 1 slots: 0x00007ffadf5df070 USER32.dll
stack at sp + 2 slots: 0xcee501274ce500c9 is an unknown value
stack at sp + 3 slots: 0x00007ffae11b1374 ntdll.dll
stack at sp + 4 slots: 0x1be70339fbe60081 is an unknown value
stack at sp + 5 slots: 0x1be900fa9ee802ec is an unknown value
stack at sp + 6 slots: 0xc6ea02cc94ea02b3 is an unknown value
stack at sp + 7 slots: 0x3eed0122b9ec036a is an unknown value

VM_Operation (0x0000004636cfe850): Exit, mode: safepoint, requested by thread 0x0000020ef6562970


---------------  P R O C E S S  ---------------

Threads class SMR info:
_java_thread_list=0x0000020ef46909f0, length=19, elements={
0x0000020eee982eb0, 0x0000020eee983d30, 0x0000020eee9992f0, 0x0000020eee999eb0,
0x0000020eee99c880, 0x0000020eee99da60, 0x0000020eee99ec10, 0x0000020eee9a0a30,
0x0000020eee9b55b0, 0x0000020eef6446d0, 0x0000020eef6564d0, 0x0000020eef659bd0,
0x0000020eef65ddc0, 0x0000020eef669d50, 0x0000020ef418bd50, 0x0000020ef6562e80,
0x0000020ef6562970, 0x0000020ef6561f50, 0x0000020ef44991a0
}

Java Threads: ( => current thread )
  0x0000020eee982eb0 JavaThread "Reference Handler" daemon [_thread_blocked, id=16468, stack(0x0000004634100000,0x0000004634200000)]
  0x0000020eee983d30 JavaThread "Finalizer" daemon [_thread_blocked, id=19584, stack(0x0000004634200000,0x0000004634300000)]
  0x0000020eee9992f0 JavaThread "Signal Dispatcher" daemon [_thread_blocked, id=12764, stack(0x0000004634300000,0x0000004634400000)]
  0x0000020eee999eb0 JavaThread "Attach Listener" daemon [_thread_blocked, id=7928, stack(0x0000004634400000,0x0000004634500000)]
  0x0000020eee99c880 JavaThread "Service Thread" daemon [_thread_blocked, id=19212, stack(0x0000004634500000,0x0000004634600000)]
  0x0000020eee99da60 JavaThread "Monitor Deflation Thread" daemon [_thread_blocked, id=4288, stack(0x0000004634600000,0x0000004634700000)]
  0x0000020eee99ec10 JavaThread "C2 CompilerThread0" daemon [_thread_blocked, id=15076, stack(0x0000004634700000,0x0000004634800000)]
  0x0000020eee9a0a30 JavaThread "C1 CompilerThread0" daemon [_thread_blocked, id=16660, stack(0x0000004634800000,0x0000004634900000)]
  0x0000020eee9b55b0 JavaThread "Sweeper thread" daemon [_thread_blocked, id=5936, stack(0x0000004634900000,0x0000004634a00000)]
  0x0000020eef6446d0 JavaThread "JDWP Transport Listener: dt_socket" daemon [_thread_blocked, id=21304, stack(0x0000004634c00000,0x0000004634d00000)]
  0x0000020eef6564d0 JavaThread "JDWP Event Helper Thread" daemon [_thread_blocked, id=13772, stack(0x0000004634d00000,0x0000004634e00000)]
  0x0000020eef659bd0 JavaThread "JDWP Command Reader" daemon [_thread_blocked, id=1580, stack(0x0000004634e00000,0x0000004634f00000)]
  0x0000020eef65ddc0 JavaThread "Notification Thread" daemon [_thread_blocked, id=1696, stack(0x0000004634f00000,0x0000004635000000)]
  0x0000020eef669d50 JavaThread "Common-Cleaner" daemon [_thread_blocked, id=13344, stack(0x0000004635100000,0x0000004635200000)]
  0x0000020ef418bd50 JavaThread "Java2D Disposer" daemon [_thread_blocked, id=18696, stack(0x0000004635200000,0x0000004635300000)]
  0x0000020ef6562e80 JavaThread "HighResTimerThread" daemon [_thread_blocked, id=10004, stack(0x0000004636a00000,0x0000004636b00000)]
  0x0000020ef6562970 JavaThread "main-FPSAWTAnimator#00-Timer0" [_thread_blocked, id=16500, stack(0x0000004636c00000,0x0000004636d00000)]
  0x0000020ef6561f50 JavaThread "DestroyJavaVM" [_thread_blocked, id=17516, stack(0x0000004633a00000,0x0000004633b00000)]
  0x0000020ef44991a0 JavaThread "AWT-Shutdown" [_thread_blocked, id=14948, stack(0x0000004636b00000,0x0000004636c00000)]

Other Threads:
=>0x0000020eee97f680 VMThread "VM Thread" [stack: 0x0000004634000000,0x0000004634100000] [id=1660]
  0x0000020ecb701750 GCTaskThread "GC Thread#0" [stack: 0x0000004633b00000,0x0000004633c00000] [id=5916]
  0x0000020ef5e1b760 GCTaskThread "GC Thread#1" [stack: 0x0000004635b00000,0x0000004635c00000] [id=17892]
  0x0000020ef5e1ba20 GCTaskThread "GC Thread#2" [stack: 0x0000004635c00000,0x0000004635d00000] [id=7952]
  0x0000020ef5e1bce0 GCTaskThread "GC Thread#3" [stack: 0x0000004635d00000,0x0000004635e00000] [id=13336]
  0x0000020ef5e1bfa0 GCTaskThread "GC Thread#4" [stack: 0x0000004635e00000,0x0000004635f00000] [id=11616]
  0x0000020ef5e1ce80 GCTaskThread "GC Thread#5" [stack: 0x0000004635f00000,0x0000004636000000] [id=18760]
  0x0000020ef5e3a7a0 GCTaskThread "GC Thread#6" [stack: 0x0000004636000000,0x0000004636100000] [id=2348]
  0x0000020ef5e3aa60 GCTaskThread "GC Thread#7" [stack: 0x0000004636100000,0x0000004636200000] [id=6680]
  0x0000020ef5e3ad20 GCTaskThread "GC Thread#8" [stack: 0x0000004636200000,0x0000004636300000] [id=16036]
  0x0000020ef5e3afe0 GCTaskThread "GC Thread#9" [stack: 0x0000004636300000,0x0000004636400000] [id=16072]
  0x0000020ef5e3b2a0 GCTaskThread "GC Thread#10" [stack: 0x0000004636400000,0x0000004636500000] [id=13480]
  0x0000020ef5e3b560 GCTaskThread "GC Thread#11" [stack: 0x0000004636500000,0x0000004636600000] [id=10564]
  0x0000020ef5e3c030 GCTaskThread "GC Thread#12" [stack: 0x0000004636600000,0x0000004636700000] [id=21396]
  0x0000020ef5c8aeb0 GCTaskThread "GC Thread#13" [stack: 0x0000004636e00000,0x0000004636f00000] [id=7160]
  0x0000020ef5c895f0 GCTaskThread "GC Thread#14" [stack: 0x0000004636f00000,0x0000004637000000] [id=14244]
  0x0000020ecb7121f0 ConcurrentGCThread "G1 Main Marker" terminated
  0x0000020ecb712c00 ConcurrentGCThread "G1 Conc#0" [stack: 0x0000004633d00000,0x0000004633e00000] [id=13644]
  0x0000020ecb74ddc0 ConcurrentGCThread "G1 Refine#0" terminated
  0x0000020eee8b79d0 ConcurrentGCThread "G1 Service" terminated

Threads with active compile tasks:

VM state: at safepoint (shutting down)

VM Mutex/Monitor currently owned by a thread:  ([mutex/lock_event])
[0x0000020ecb693980] Threads_lock - owner thread: 0x0000020eee97f680
[0x0000020ecb693c50] Heap_lock - owner thread: 0x0000020ef6562970

Heap address: 0x0000000704a00000, size: 4022 MB, Compressed Oops mode: Zero based, Oop shift amount: 3

CDS archive(s) mapped at: [0x0000020e80000000-0x0000020e80bd0000-0x0000020e80bd0000), size 12386304, SharedBaseAddress: 0x0000020e80000000, ArchiveRelocationMode: 1.
Compressed class space mapped at: 0x0000020e81000000-0x0000020ec1000000, reserved size: 1073741824
Narrow klass base: 0x0000020e80000000, Narrow klass shift: 0, Narrow klass range: 0x100000000

GC Precious Log:
 CPUs: 20 total, 20 available
 Memory: 16084M
 Large Page Support: Disabled
 NUMA Support: Disabled
 Compressed Oops: Enabled (Zero based)
 Heap Region Size: 2M
 Heap Min Capacity: 8M
 Heap Initial Capacity: 252M
 Heap Max Capacity: 4022M
 Pre-touch: Disabled
 Parallel Workers: 15
 Concurrent Workers: 4
 Concurrent Refinement Workers: 15
 Periodic GC: Disabled

Heap:
 garbage-first heap   total 374784K, used 122455K [0x0000000704a00000, 0x0000000800000000)
  region size 2048K, 5 young (10240K), 1 survivors (2048K)
 Metaspace       used 16121K, committed 16384K, reserved 1114112K
  class space    used 1155K, committed 1280K, reserved 1048576K

Heap Regions: E=young(eden), S=young(survivor), O=old, HS=humongous(starts), HC=humongous(continues), CS=collection set, F=free, OA=open archive, CA=closed archive, TAMS=top-at-mark-start (previous, next)
|   0|0x0000000704a00000, 0x0000000704c00000, 0x0000000704c00000|100%|HS|  |TAMS 0x0000000704a00000, 0x0000000704a00000| Complete 
|   1|0x0000000704c00000, 0x0000000704e00000, 0x0000000704e00000|100%|HS|  |TAMS 0x0000000704c00000, 0x0000000704e00000| Complete 
|   2|0x0000000704e00000, 0x0000000705000000, 0x0000000705000000|100%|HS|  |TAMS 0x0000000704e00000, 0x0000000705000000| Complete 
|   3|0x0000000705000000, 0x0000000705200000, 0x0000000705200000|100%|HS|  |TAMS 0x0000000705000000, 0x0000000705000000| Complete 
|   4|0x0000000705200000, 0x0000000705400000, 0x0000000705400000|100%|HS|  |TAMS 0x0000000705200000, 0x0000000705400000| Complete 
|   5|0x0000000705400000, 0x0000000705600000, 0x0000000705600000|100%|HS|  |TAMS 0x0000000705400000, 0x0000000705400000| Complete 
|   6|0x0000000705600000, 0x0000000705800000, 0x0000000705800000|100%|HS|  |TAMS 0x0000000705600000, 0x0000000705800000| Complete 
|   7|0x0000000705800000, 0x0000000705a00000, 0x0000000705a00000|100%|HS|  |TAMS 0x0000000705800000, 0x0000000705800000| Complete 
|   8|0x0000000705a00000, 0x0000000705c00000, 0x0000000705c00000|100%|HS|  |TAMS 0x0000000705a00000, 0x0000000705c00000| Complete 
|   9|0x0000000705c00000, 0x0000000705e00000, 0x0000000705e00000|100%|HS|  |TAMS 0x0000000705c00000, 0x0000000705c00000| Complete 
|  10|0x0000000705e00000, 0x0000000706000000, 0x0000000706000000|100%|HS|  |TAMS 0x0000000705e00000, 0x0000000706000000| Complete 
|  11|0x0000000706000000, 0x0000000706200000, 0x0000000706200000|100%|HS|  |TAMS 0x0000000706000000, 0x0000000706000000| Complete 
|  12|0x0000000706200000, 0x0000000706400000, 0x0000000706400000|100%|HS|  |TAMS 0x0000000706200000, 0x0000000706200000| Complete 
|  13|0x0000000706400000, 0x0000000706600000, 0x0000000706600000|100%|HS|  |TAMS 0x0000000706400000, 0x0000000706400000| Complete 
|  14|0x0000000706600000, 0x0000000706800000, 0x0000000706800000|100%|HS|  |TAMS 0x0000000706600000, 0x0000000706600000| Complete 
|  15|0x0000000706800000, 0x0000000706a00000, 0x0000000706a00000|100%|HS|  |TAMS 0x0000000706800000, 0x0000000706800000| Complete 
|  16|0x0000000706a00000, 0x0000000706c00000, 0x0000000706c00000|100%|HS|  |TAMS 0x0000000706a00000, 0x0000000706a00000| Complete 
|  17|0x0000000706c00000, 0x0000000706e00000, 0x0000000706e00000|100%|HS|  |TAMS 0x0000000706c00000, 0x0000000706c00000| Complete 
|  18|0x0000000706e00000, 0x0000000707000000, 0x0000000707000000|100%|HS|  |TAMS 0x0000000706e00000, 0x0000000706e00000| Complete 
|  19|0x0000000707000000, 0x0000000707200000, 0x0000000707200000|100%|HS|  |TAMS 0x0000000707000000, 0x0000000707000000| Complete 
|  20|0x0000000707200000, 0x0000000707400000, 0x0000000707400000|100%|HS|  |TAMS 0x0000000707200000, 0x0000000707200000| Complete 
|  21|0x0000000707400000, 0x0000000707600000, 0x0000000707600000|100%|HS|  |TAMS 0x0000000707400000, 0x0000000707400000| Complete 
|  22|0x0000000707600000, 0x0000000707800000, 0x0000000707800000|100%|HS|  |TAMS 0x0000000707600000, 0x0000000707600000| Complete 
|  23|0x0000000707800000, 0x0000000707a00000, 0x0000000707a00000|100%|HS|  |TAMS 0x0000000707800000, 0x0000000707800000| Complete 
|  24|0x0000000707a00000, 0x0000000707c00000, 0x0000000707c00000|100%|HS|  |TAMS 0x0000000707a00000, 0x0000000707a00000| Complete 
|  25|0x0000000707c00000, 0x0000000707e00000, 0x0000000707e00000|100%|HS|  |TAMS 0x0000000707c00000, 0x0000000707c00000| Complete 
|  26|0x0000000707e00000, 0x0000000708000000, 0x0000000708000000|100%|HS|  |TAMS 0x0000000707e00000, 0x0000000707e00000| Complete 
|  27|0x0000000708000000, 0x0000000708200000, 0x0000000708200000|100%|HS|  |TAMS 0x0000000708000000, 0x0000000708000000| Complete 
|  28|0x0000000708200000, 0x0000000708400000, 0x0000000708400000|100%|HS|  |TAMS 0x0000000708200000, 0x0000000708200000| Complete 
|  29|0x0000000708400000, 0x0000000708600000, 0x0000000708600000|100%|HS|  |TAMS 0x0000000708400000, 0x0000000708400000| Complete 
|  30|0x0000000708600000, 0x0000000708800000, 0x0000000708800000|100%|HS|  |TAMS 0x0000000708600000, 0x0000000708600000| Complete 
|  31|0x0000000708800000, 0x0000000708a00000, 0x0000000708a00000|100%|HS|  |TAMS 0x0000000708800000, 0x0000000708800000| Complete 
|  32|0x0000000708a00000, 0x0000000708c00000, 0x0000000708c00000|100%|HS|  |TAMS 0x0000000708a00000, 0x0000000708a00000| Complete 
|  33|0x0000000708c00000, 0x0000000708e00000, 0x0000000708e00000|100%|HS|  |TAMS 0x0000000708c00000, 0x0000000708c00000| Complete 
|  34|0x0000000708e00000, 0x0000000709000000, 0x0000000709000000|100%|HS|  |TAMS 0x0000000708e00000, 0x0000000708e00000| Complete 
|  35|0x0000000709000000, 0x0000000709200000, 0x0000000709200000|100%|HS|  |TAMS 0x0000000709000000, 0x0000000709000000| Complete 
|  36|0x0000000709200000, 0x0000000709400000, 0x0000000709400000|100%|HS|  |TAMS 0x0000000709200000, 0x0000000709200000| Complete 
|  37|0x0000000709400000, 0x0000000709600000, 0x0000000709600000|100%|HS|  |TAMS 0x0000000709400000, 0x0000000709400000| Complete 
|  38|0x0000000709600000, 0x0000000709800000, 0x0000000709800000|100%|HS|  |TAMS 0x0000000709600000, 0x0000000709600000| Complete 
|  39|0x0000000709800000, 0x0000000709a00000, 0x0000000709a00000|100%|HS|  |TAMS 0x0000000709800000, 0x0000000709800000| Complete 
|  40|0x0000000709a00000, 0x0000000709c00000, 0x0000000709c00000|100%|HS|  |TAMS 0x0000000709a00000, 0x0000000709a00000| Complete 
|  41|0x0000000709c00000, 0x0000000709e00000, 0x0000000709e00000|100%|HS|  |TAMS 0x0000000709c00000, 0x0000000709c00000| Complete 
|  42|0x0000000709e00000, 0x000000070a000000, 0x000000070a000000|100%|HS|  |TAMS 0x0000000709e00000, 0x0000000709e00000| Complete 
|  43|0x000000070a000000, 0x000000070a200000, 0x000000070a200000|100%|HS|  |TAMS 0x000000070a000000, 0x000000070a000000| Complete 
|  44|0x000000070a200000, 0x000000070a400000, 0x000000070a400000|100%|HS|  |TAMS 0x000000070a200000, 0x000000070a200000| Complete 
|  45|0x000000070a400000, 0x000000070a600000, 0x000000070a600000|100%|HS|  |TAMS 0x000000070a400000, 0x000000070a400000| Complete 
|  46|0x000000070a600000, 0x000000070a800000, 0x000000070a800000|100%|HS|  |TAMS 0x000000070a600000, 0x000000070a600000| Complete 
|  47|0x000000070a800000, 0x000000070aa00000, 0x000000070aa00000|100%|HS|  |TAMS 0x000000070a800000, 0x000000070a800000| Complete 
|  48|0x000000070aa00000, 0x000000070ac00000, 0x000000070ac00000|100%|HS|  |TAMS 0x000000070aa00000, 0x000000070aa00000| Complete 
|  49|0x000000070ac00000, 0x000000070ae00000, 0x000000070ae00000|100%|HS|  |TAMS 0x000000070ac00000, 0x000000070ac00000| Complete 
|  50|0x000000070ae00000, 0x000000070b000000, 0x000000070b000000|100%|HS|  |TAMS 0x000000070ae00000, 0x000000070ae00000| Complete 
|  51|0x000000070b000000, 0x000000070b200000, 0x000000070b200000|100%|HS|  |TAMS 0x000000070b000000, 0x000000070b000000| Complete 
|  52|0x000000070b200000, 0x000000070b400000, 0x000000070b400000|100%|HS|  |TAMS 0x000000070b200000, 0x000000070b200000| Complete 
|  53|0x000000070b400000, 0x000000070b400000, 0x000000070b600000|  0%| F|  |TAMS 0x000000070b400000, 0x000000070b400000| Untracked 
|  54|0x000000070b600000, 0x000000070b600000, 0x000000070b800000|  0%| F|  |TAMS 0x000000070b600000, 0x000000070b600000| Untracked 
|  55|0x000000070b800000, 0x000000070b800000, 0x000000070ba00000|  0%| F|  |TAMS 0x000000070b800000, 0x000000070b800000| Untracked 
|  56|0x000000070ba00000, 0x000000070ba00000, 0x000000070bc00000|  0%| F|  |TAMS 0x000000070ba00000, 0x000000070ba00000| Untracked 
|  57|0x000000070bc00000, 0x000000070bc00000, 0x000000070be00000|  0%| F|  |TAMS 0x000000070bc00000, 0x000000070bc00000| Untracked 
|  58|0x000000070be00000, 0x000000070be00000, 0x000000070c000000|  0%| F|  |TAMS 0x000000070be00000, 0x000000070be00000| Untracked 
|  59|0x000000070c000000, 0x000000070c000000, 0x000000070c200000|  0%| F|  |TAMS 0x000000070c000000, 0x000000070c000000| Untracked 
|  60|0x000000070c200000, 0x000000070c200000, 0x000000070c400000|  0%| F|  |TAMS 0x000000070c200000, 0x000000070c200000| Untracked 
|  61|0x000000070c400000, 0x000000070c400000, 0x000000070c600000|  0%| F|  |TAMS 0x000000070c400000, 0x000000070c400000| Untracked 
|  62|0x000000070c600000, 0x000000070c600000, 0x000000070c800000|  0%| F|  |TAMS 0x000000070c600000, 0x000000070c600000| Untracked 
|  63|0x000000070c800000, 0x000000070c800000, 0x000000070ca00000|  0%| F|  |TAMS 0x000000070c800000, 0x000000070c800000| Untracked 
|  64|0x000000070ca00000, 0x000000070ca00000, 0x000000070cc00000|  0%| F|  |TAMS 0x000000070ca00000, 0x000000070ca00000| Untracked 
|  65|0x000000070cc00000, 0x000000070cc00000, 0x000000070ce00000|  0%| F|  |TAMS 0x000000070cc00000, 0x000000070cc00000| Untracked 
|  66|0x000000070ce00000, 0x000000070ce00000, 0x000000070d000000|  0%| F|  |TAMS 0x000000070ce00000, 0x000000070ce00000| Untracked 
|  67|0x000000070d000000, 0x000000070d000000, 0x000000070d200000|  0%| F|  |TAMS 0x000000070d000000, 0x000000070d000000| Untracked 
|  68|0x000000070d200000, 0x000000070d200000, 0x000000070d400000|  0%| F|  |TAMS 0x000000070d200000, 0x000000070d200000| Untracked 
|  69|0x000000070d400000, 0x000000070d400000, 0x000000070d600000|  0%| F|  |TAMS 0x000000070d400000, 0x000000070d400000| Untracked 
|  70|0x000000070d600000, 0x000000070d600000, 0x000000070d800000|  0%| F|  |TAMS 0x000000070d600000, 0x000000070d600000| Untracked 
|  71|0x000000070d800000, 0x000000070d800000, 0x000000070da00000|  0%| F|  |TAMS 0x000000070d800000, 0x000000070d800000| Untracked 
|  72|0x000000070da00000, 0x000000070da00000, 0x000000070dc00000|  0%| F|  |TAMS 0x000000070da00000, 0x000000070da00000| Untracked 
|  73|0x000000070dc00000, 0x000000070dc00000, 0x000000070de00000|  0%| F|  |TAMS 0x000000070dc00000, 0x000000070dc00000| Untracked 
|  74|0x000000070de00000, 0x000000070de00000, 0x000000070e000000|  0%| F|  |TAMS 0x000000070de00000, 0x000000070de00000| Untracked 
|  75|0x000000070e000000, 0x000000070e000000, 0x000000070e200000|  0%| F|  |TAMS 0x000000070e000000, 0x000000070e000000| Untracked 
|  76|0x000000070e200000, 0x000000070e200000, 0x000000070e400000|  0%| F|  |TAMS 0x000000070e200000, 0x000000070e200000| Untracked 
|  77|0x000000070e400000, 0x000000070e400000, 0x000000070e600000|  0%| F|  |TAMS 0x000000070e400000, 0x000000070e400000| Untracked 
|  78|0x000000070e600000, 0x000000070e800000, 0x000000070e800000|100%|HS|  |TAMS 0x000000070e600000, 0x000000070e800000| Complete 
|  79|0x000000070e800000, 0x000000070e965400, 0x000000070ea00000| 69%| O|  |TAMS 0x000000070e800000, 0x000000070e965400| Untracked 
|  80|0x000000070ea00000, 0x000000070ea00000, 0x000000070ec00000|  0%| F|  |TAMS 0x000000070ea00000, 0x000000070ea00000| Untracked 
|  81|0x000000070ec00000, 0x000000070ec00000, 0x000000070ee00000|  0%| F|  |TAMS 0x000000070ec00000, 0x000000070ec00000| Untracked 
|  82|0x000000070ee00000, 0x000000070f000000, 0x000000070f000000|100%| O|  |TAMS 0x000000070ee00000, 0x000000070f000000| Untracked 
|  83|0x000000070f000000, 0x000000070f200000, 0x000000070f200000|100%| O|  |TAMS 0x000000070f000000, 0x000000070f200000| Untracked 
|  84|0x000000070f200000, 0x000000070f200000, 0x000000070f400000|  0%| F|  |TAMS 0x000000070f200000, 0x000000070f200000| Untracked 
|  85|0x000000070f400000, 0x000000070f400000, 0x000000070f600000|  0%| F|  |TAMS 0x000000070f400000, 0x000000070f400000| Untracked 
|  86|0x000000070f600000, 0x000000070f600000, 0x000000070f800000|  0%| F|  |TAMS 0x000000070f600000, 0x000000070f600000| Untracked 
|  87|0x000000070f800000, 0x000000070f800000, 0x000000070fa00000|  0%| F|  |TAMS 0x000000070f800000, 0x000000070f800000| Untracked 
|  88|0x000000070fa00000, 0x000000070fa00000, 0x000000070fc00000|  0%| F|  |TAMS 0x000000070fa00000, 0x000000070fa00000| Untracked 
|  89|0x000000070fc00000, 0x000000070fc00000, 0x000000070fe00000|  0%| F|  |TAMS 0x000000070fc00000, 0x000000070fc00000| Untracked 
|  90|0x000000070fe00000, 0x000000070fe00000, 0x0000000710000000|  0%| F|  |TAMS 0x000000070fe00000, 0x000000070fe00000| Untracked 
|  91|0x0000000710000000, 0x0000000710000000, 0x0000000710200000|  0%| F|  |TAMS 0x0000000710000000, 0x0000000710000000| Untracked 
|  92|0x0000000710200000, 0x0000000710200000, 0x0000000710400000|  0%| F|  |TAMS 0x0000000710200000, 0x0000000710200000| Untracked 
|  93|0x0000000710400000, 0x0000000710400000, 0x0000000710600000|  0%| F|  |TAMS 0x0000000710400000, 0x0000000710400000| Untracked 
|  94|0x0000000710600000, 0x0000000710600000, 0x0000000710800000|  0%| F|  |TAMS 0x0000000710600000, 0x0000000710600000| Untracked 
|  95|0x0000000710800000, 0x0000000710800000, 0x0000000710a00000|  0%| F|  |TAMS 0x0000000710800000, 0x0000000710800000| Untracked 
|  96|0x0000000710a00000, 0x0000000710a00000, 0x0000000710c00000|  0%| F|  |TAMS 0x0000000710a00000, 0x0000000710a00000| Untracked 
|  97|0x0000000710c00000, 0x0000000710c00000, 0x0000000710e00000|  0%| F|  |TAMS 0x0000000710c00000, 0x0000000710c00000| Untracked 
|  98|0x0000000710e00000, 0x0000000710e00000, 0x0000000711000000|  0%| F|  |TAMS 0x0000000710e00000, 0x0000000710e00000| Untracked 
|  99|0x0000000711000000, 0x0000000711000000, 0x0000000711200000|  0%| F|  |TAMS 0x0000000711000000, 0x0000000711000000| Untracked 
| 100|0x0000000711200000, 0x0000000711200000, 0x0000000711400000|  0%| F|  |TAMS 0x0000000711200000, 0x0000000711200000| Untracked 
| 101|0x0000000711400000, 0x0000000711400000, 0x0000000711600000|  0%| F|  |TAMS 0x0000000711400000, 0x0000000711400000| Untracked 
| 102|0x0000000711600000, 0x0000000711600000, 0x0000000711800000|  0%| F|  |TAMS 0x0000000711600000, 0x0000000711600000| Untracked 
| 103|0x0000000711800000, 0x0000000711800000, 0x0000000711a00000|  0%| F|  |TAMS 0x0000000711800000, 0x0000000711800000| Untracked 
| 104|0x0000000711a00000, 0x0000000711a00000, 0x0000000711c00000|  0%| F|  |TAMS 0x0000000711a00000, 0x0000000711a00000| Untracked 
| 105|0x0000000711c00000, 0x0000000711c00000, 0x0000000711e00000|  0%| F|  |TAMS 0x0000000711c00000, 0x0000000711c00000| Untracked 
| 106|0x0000000711e00000, 0x0000000711e00000, 0x0000000712000000|  0%| F|  |TAMS 0x0000000711e00000, 0x0000000711e00000| Untracked 
| 107|0x0000000712000000, 0x0000000712000000, 0x0000000712200000|  0%| F|  |TAMS 0x0000000712000000, 0x0000000712000000| Untracked 
| 108|0x0000000712200000, 0x0000000712200000, 0x0000000712400000|  0%| F|  |TAMS 0x0000000712200000, 0x0000000712200000| Untracked 
| 109|0x0000000712400000, 0x0000000712400000, 0x0000000712600000|  0%| F|  |TAMS 0x0000000712400000, 0x0000000712400000| Untracked 
| 110|0x0000000712600000, 0x0000000712600000, 0x0000000712800000|  0%| F|  |TAMS 0x0000000712600000, 0x0000000712600000| Untracked 
| 111|0x0000000712800000, 0x0000000712800000, 0x0000000712a00000|  0%| F|  |TAMS 0x0000000712800000, 0x0000000712800000| Untracked 
| 112|0x0000000712a00000, 0x0000000712a00000, 0x0000000712c00000|  0%| F|  |TAMS 0x0000000712a00000, 0x0000000712a00000| Untracked 
| 113|0x0000000712c00000, 0x0000000712c00000, 0x0000000712e00000|  0%| F|  |TAMS 0x0000000712c00000, 0x0000000712c00000| Untracked 
| 114|0x0000000712e00000, 0x0000000712e00000, 0x0000000713000000|  0%| F|  |TAMS 0x0000000712e00000, 0x0000000712e00000| Untracked 
| 115|0x0000000713000000, 0x0000000713000000, 0x0000000713200000|  0%| F|  |TAMS 0x0000000713000000, 0x0000000713000000| Untracked 
| 116|0x0000000713200000, 0x0000000713200000, 0x0000000713400000|  0%| F|  |TAMS 0x0000000713200000, 0x0000000713200000| Untracked 
| 117|0x0000000713400000, 0x0000000713400000, 0x0000000713600000|  0%| F|  |TAMS 0x0000000713400000, 0x0000000713400000| Untracked 
| 118|0x0000000713600000, 0x0000000713600000, 0x0000000713800000|  0%| F|  |TAMS 0x0000000713600000, 0x0000000713600000| Untracked 
| 119|0x0000000713800000, 0x0000000713800000, 0x0000000713a00000|  0%| F|  |TAMS 0x0000000713800000, 0x0000000713800000| Untracked 
| 120|0x0000000713a00000, 0x0000000713a00000, 0x0000000713c00000|  0%| F|  |TAMS 0x0000000713a00000, 0x0000000713a00000| Untracked 
| 121|0x0000000713c00000, 0x0000000713c00000, 0x0000000713e00000|  0%| F|  |TAMS 0x0000000713c00000, 0x0000000713c00000| Untracked 
| 122|0x0000000713e00000, 0x0000000713e00000, 0x0000000714000000|  0%| F|  |TAMS 0x0000000713e00000, 0x0000000713e00000| Untracked 
| 123|0x0000000714000000, 0x0000000714000000, 0x0000000714200000|  0%| F|  |TAMS 0x0000000714000000, 0x0000000714000000| Untracked 
| 124|0x0000000714200000, 0x0000000714200000, 0x0000000714400000|  0%| F|  |TAMS 0x0000000714200000, 0x0000000714200000| Untracked 
| 125|0x0000000714400000, 0x0000000714400000, 0x0000000714600000|  0%| F|  |TAMS 0x0000000714400000, 0x0000000714400000| Untracked 
| 126|0x0000000714600000, 0x0000000714600000, 0x0000000714800000|  0%| F|  |TAMS 0x0000000714600000, 0x0000000714600000| Untracked 
| 127|0x0000000714800000, 0x0000000714800000, 0x0000000714a00000|  0%| F|  |TAMS 0x0000000714800000, 0x0000000714800000| Untracked 
| 128|0x0000000714a00000, 0x0000000714a00000, 0x0000000714c00000|  0%| F|  |TAMS 0x0000000714a00000, 0x0000000714a00000| Untracked 
| 129|0x0000000714c00000, 0x0000000714c00000, 0x0000000714e00000|  0%| F|  |TAMS 0x0000000714c00000, 0x0000000714c00000| Untracked 
| 130|0x0000000714e00000, 0x0000000714e00000, 0x0000000715000000|  0%| F|  |TAMS 0x0000000714e00000, 0x0000000714e00000| Untracked 
| 131|0x0000000715000000, 0x0000000715000000, 0x0000000715200000|  0%| F|  |TAMS 0x0000000715000000, 0x0000000715000000| Untracked 
| 132|0x0000000715200000, 0x0000000715200000, 0x0000000715400000|  0%| F|  |TAMS 0x0000000715200000, 0x0000000715200000| Untracked 
| 133|0x0000000715400000, 0x0000000715400000, 0x0000000715600000|  0%| F|  |TAMS 0x0000000715400000, 0x0000000715400000| Untracked 
| 134|0x0000000715600000, 0x0000000715600000, 0x0000000715800000|  0%| F|  |TAMS 0x0000000715600000, 0x0000000715600000| Untracked 
| 135|0x0000000715800000, 0x0000000715800000, 0x0000000715a00000|  0%| F|  |TAMS 0x0000000715800000, 0x0000000715800000| Untracked 
| 136|0x0000000715a00000, 0x0000000715a00000, 0x0000000715c00000|  0%| F|  |TAMS 0x0000000715a00000, 0x0000000715a00000| Untracked 
| 137|0x0000000715c00000, 0x0000000715c00000, 0x0000000715e00000|  0%| F|  |TAMS 0x0000000715c00000, 0x0000000715c00000| Untracked 
| 138|0x0000000715e00000, 0x0000000715e00000, 0x0000000716000000|  0%| F|  |TAMS 0x0000000715e00000, 0x0000000715e00000| Untracked 
| 139|0x0000000716000000, 0x0000000716000000, 0x0000000716200000|  0%| F|  |TAMS 0x0000000716000000, 0x0000000716000000| Untracked 
| 140|0x0000000716200000, 0x0000000716200000, 0x0000000716400000|  0%| F|  |TAMS 0x0000000716200000, 0x0000000716200000| Untracked 
| 141|0x0000000716400000, 0x0000000716400000, 0x0000000716600000|  0%| F|  |TAMS 0x0000000716400000, 0x0000000716400000| Untracked 
| 142|0x0000000716600000, 0x0000000716600000, 0x0000000716800000|  0%| F|  |TAMS 0x0000000716600000, 0x0000000716600000| Untracked 
| 143|0x0000000716800000, 0x0000000716800000, 0x0000000716a00000|  0%| F|  |TAMS 0x0000000716800000, 0x0000000716800000| Untracked 
| 144|0x0000000716a00000, 0x0000000716a00000, 0x0000000716c00000|  0%| F|  |TAMS 0x0000000716a00000, 0x0000000716a00000| Untracked 
| 145|0x0000000716c00000, 0x0000000716c00000, 0x0000000716e00000|  0%| F|  |TAMS 0x0000000716c00000, 0x0000000716c00000| Untracked 
| 146|0x0000000716e00000, 0x0000000716e00000, 0x0000000717000000|  0%| F|  |TAMS 0x0000000716e00000, 0x0000000716e00000| Untracked 
| 147|0x0000000717000000, 0x0000000717000000, 0x0000000717200000|  0%| F|  |TAMS 0x0000000717000000, 0x0000000717000000| Untracked 
| 148|0x0000000717200000, 0x0000000717200000, 0x0000000717400000|  0%| F|  |TAMS 0x0000000717200000, 0x0000000717200000| Untracked 
| 149|0x0000000717400000, 0x0000000717400000, 0x0000000717600000|  0%| F|  |TAMS 0x0000000717400000, 0x0000000717400000| Untracked 
| 150|0x0000000717600000, 0x0000000717600000, 0x0000000717800000|  0%| F|  |TAMS 0x0000000717600000, 0x0000000717600000| Untracked 
| 151|0x0000000717800000, 0x0000000717800000, 0x0000000717a00000|  0%| F|  |TAMS 0x0000000717800000, 0x0000000717800000| Untracked 
| 152|0x0000000717a00000, 0x0000000717a00000, 0x0000000717c00000|  0%| F|  |TAMS 0x0000000717a00000, 0x0000000717a00000| Untracked 
| 153|0x0000000717c00000, 0x0000000717c00000, 0x0000000717e00000|  0%| F|  |TAMS 0x0000000717c00000, 0x0000000717c00000| Untracked 
| 154|0x0000000717e00000, 0x0000000717e00000, 0x0000000718000000|  0%| F|  |TAMS 0x0000000717e00000, 0x0000000717e00000| Untracked 
| 155|0x0000000718000000, 0x0000000718000000, 0x0000000718200000|  0%| F|  |TAMS 0x0000000718000000, 0x0000000718000000| Untracked 
| 156|0x0000000718200000, 0x0000000718200000, 0x0000000718400000|  0%| F|  |TAMS 0x0000000718200000, 0x0000000718200000| Untracked 
| 157|0x0000000718400000, 0x0000000718400000, 0x0000000718600000|  0%| F|  |TAMS 0x0000000718400000, 0x0000000718400000| Untracked 
| 158|0x0000000718600000, 0x0000000718600000, 0x0000000718800000|  0%| F|  |TAMS 0x0000000718600000, 0x0000000718600000| Untracked 
| 159|0x0000000718800000, 0x0000000718800000, 0x0000000718a00000|  0%| F|  |TAMS 0x0000000718800000, 0x0000000718800000| Untracked 
| 160|0x0000000718a00000, 0x0000000718a00000, 0x0000000718c00000|  0%| F|  |TAMS 0x0000000718a00000, 0x0000000718a00000| Untracked 
| 161|0x0000000718c00000, 0x0000000718c00000, 0x0000000718e00000|  0%| F|  |TAMS 0x0000000718c00000, 0x0000000718c00000| Untracked 
| 162|0x0000000718e00000, 0x0000000718e00000, 0x0000000719000000|  0%| F|  |TAMS 0x0000000718e00000, 0x0000000718e00000| Untracked 
| 163|0x0000000719000000, 0x0000000719000000, 0x0000000719200000|  0%| F|  |TAMS 0x0000000719000000, 0x0000000719000000| Untracked 
| 164|0x0000000719200000, 0x0000000719200000, 0x0000000719400000|  0%| F|  |TAMS 0x0000000719200000, 0x0000000719200000| Untracked 
| 165|0x0000000719400000, 0x0000000719400000, 0x0000000719600000|  0%| F|  |TAMS 0x0000000719400000, 0x0000000719400000| Untracked 
| 166|0x0000000719600000, 0x0000000719600000, 0x0000000719800000|  0%| F|  |TAMS 0x0000000719600000, 0x0000000719600000| Untracked 
| 167|0x0000000719800000, 0x0000000719800000, 0x0000000719a00000|  0%| F|  |TAMS 0x0000000719800000, 0x0000000719800000| Untracked 
| 168|0x0000000719a00000, 0x0000000719a00000, 0x0000000719c00000|  0%| F|  |TAMS 0x0000000719a00000, 0x0000000719a00000| Untracked 
| 169|0x0000000719c00000, 0x0000000719c00000, 0x0000000719e00000|  0%| F|  |TAMS 0x0000000719c00000, 0x0000000719c00000| Untracked 
| 170|0x0000000719e00000, 0x0000000719e00000, 0x000000071a000000|  0%| F|  |TAMS 0x0000000719e00000, 0x0000000719e00000| Untracked 
| 171|0x000000071a000000, 0x000000071a000000, 0x000000071a200000|  0%| F|  |TAMS 0x000000071a000000, 0x000000071a000000| Untracked 
| 172|0x000000071a200000, 0x000000071a200000, 0x000000071a400000|  0%| F|  |TAMS 0x000000071a200000, 0x000000071a200000| Untracked 
| 173|0x000000071a400000, 0x000000071a400000, 0x000000071a600000|  0%| F|  |TAMS 0x000000071a400000, 0x000000071a400000| Untracked 
| 174|0x000000071a600000, 0x000000071a600000, 0x000000071a800000|  0%| F|  |TAMS 0x000000071a600000, 0x000000071a600000| Untracked 
| 175|0x000000071a800000, 0x000000071a800000, 0x000000071aa00000|  0%| F|  |TAMS 0x000000071a800000, 0x000000071a800000| Untracked 
| 176|0x000000071aa00000, 0x000000071aa00000, 0x000000071ac00000|  0%| F|  |TAMS 0x000000071aa00000, 0x000000071aa00000| Untracked 
| 177|0x000000071ac00000, 0x000000071ac00000, 0x000000071ae00000|  0%| F|  |TAMS 0x000000071ac00000, 0x000000071ac00000| Untracked 
| 178|0x000000071ae00000, 0x000000071b000000, 0x000000071b000000|100%| E|  |TAMS 0x000000071ae00000, 0x000000071ae00000| Complete 
| 179|0x000000071b000000, 0x000000071b200000, 0x000000071b200000|100%| E|CS|TAMS 0x000000071b000000, 0x000000071b000000| Complete 
| 180|0x000000071b200000, 0x000000071b230840, 0x000000071b400000|  9%| S|CS|TAMS 0x000000071b200000, 0x000000071b200000| Complete 
| 181|0x000000071b400000, 0x000000071b600000, 0x000000071b600000|100%| E|CS|TAMS 0x000000071b400000, 0x000000071b400000| Complete 
| 182|0x000000071b600000, 0x000000071b800000, 0x000000071b800000|100%| E|CS|TAMS 0x000000071b600000, 0x000000071b600000| Complete 

Card table byte_map: [0x0000020ee3400000,0x0000020ee3be0000] _byte_map_base: 0x0000020edfbdb000

Marking Bits (Prev, Next): (CMBitMap*) 0x0000020ecb701d70, (CMBitMap*) 0x0000020ecb701db0
 Prev Bits: [0x0000020ee43c0000, 0x0000020ee8298000)
 Next Bits: [0x0000020ee82a0000, 0x0000020eec178000)

Polling page: 0x0000020ec9380000

Metaspace:

Usage:
  Non-class:     14.62 MB used.
      Class:      1.13 MB used.
       Both:     15.74 MB used.

Virtual space:
  Non-class space:       64.00 MB reserved,      14.75 MB ( 23%) committed,  1 nodes.
      Class space:        1.00 GB reserved,       1.25 MB ( <1%) committed,  1 nodes.
             Both:        1.06 GB reserved,      16.00 MB (  1%) committed. 

Chunk freelists:
   Non-Class:  608.00 KB
       Class:  14.58 MB
        Both:  15.17 MB

MaxMetaspaceSize: unlimited
CompressedClassSpaceSize: 1.00 GB
Initial GC threshold: 21.00 MB
Current GC threshold: 21.00 MB
CDS: on
MetaspaceReclaimPolicy: balanced
 - commit_granule_bytes: 65536.
 - commit_granule_words: 8192.
 - virtual_space_node_default_size: 8388608.
 - enlarge_chunks_in_place: 1.
 - new_chunks_are_fully_committed: 0.
 - uncommit_free_chunks: 1.
 - use_allocation_guard: 0.
 - handle_deallocations: 1.


Internal statistics:

num_allocs_failed_limit: 0.
num_arena_births: 164.
num_arena_deaths: 0.
num_vsnodes_births: 2.
num_vsnodes_deaths: 0.
num_space_committed: 252.
num_space_uncommitted: 0.
num_chunks_returned_to_freelist: 0.
num_chunks_taken_from_freelist: 497.
num_chunk_merges: 0.
num_chunk_splits: 374.
num_chunks_enlarged: 296.
num_inconsistent_stats: 0.

CodeHeap 'non-profiled nmethods': size=119168Kb used=2382Kb max_used=2382Kb free=116785Kb
 bounds [0x0000020edad20000, 0x0000020edaf90000, 0x0000020ee2180000]
CodeHeap 'profiled nmethods': size=119104Kb used=6250Kb max_used=6250Kb free=112853Kb
 bounds [0x0000020ed3180000, 0x0000020ed37a0000, 0x0000020eda5d0000]
CodeHeap 'non-nmethods': size=7488Kb used=1659Kb max_used=3396Kb free=5828Kb
 bounds [0x0000020eda5d0000, 0x0000020eda930000, 0x0000020edad20000]
 total_blobs=4064 nmethods=3059 adapters=917
 compilation: enabled
              stopped_count=0, restarted_count=0
 full_count=0

Compilation events (20 events):
Event: 56.308 Thread 0x0000020eee99ec10 3050       4       processing.opengl.LineStroker::setParameters (465 bytes)
Event: 56.316 Thread 0x0000020eee99ec10 nmethod 3050 0x0000020edaf6bb10 code [0x0000020edaf6bdc0, 0x0000020edaf6d418]
Event: 56.686 Thread 0x0000020eee99ec10 3051       4       processing.opengl.PShader::bindTyped (516 bytes)
Event: 56.693 Thread 0x0000020eee99ec10 nmethod 3051 0x0000020edaf6d910 code [0x0000020edaf6db60, 0x0000020edaf6eab0]
Event: 56.693 Thread 0x0000020eee99ec10 3052       4       processing.opengl.PShader::setCommonUniforms (269 bytes)
Event: 56.698 Thread 0x0000020eee99ec10 nmethod 3052 0x0000020edaf6fc90 code [0x0000020edaf6fe60, 0x0000020edaf707b8]
Event: 56.698 Thread 0x0000020eee99ec10 3053       4       processing.opengl.PGraphicsOpenGL::updateGLProjmodelview (234 bytes)
Event: 56.699 Thread 0x0000020eee99ec10 nmethod 3053 0x0000020edaf71210 code [0x0000020edaf71380, 0x0000020edaf71538]
Event: 57.303 Thread 0x0000020eee99ec10 3054       4       processing.core.PGraphics::colorCalc (202 bytes)
Event: 57.304 Thread 0x0000020eee99ec10 nmethod 3054 0x0000020edaf71610 code [0x0000020edaf717c0, 0x0000020edaf71a58]
Event: 57.444 Thread 0x0000020eee9a0a30 3055       3       java.nio.CharBuffer::position (6 bytes)
Event: 57.444 Thread 0x0000020eee9a0a30 nmethod 3055 0x0000020ed379a410 code [0x0000020ed379a5c0, 0x0000020ed379a768]
Event: 57.444 Thread 0x0000020eee9a0a30 3056       3       java.nio.CharBuffer::position (8 bytes)
Event: 57.444 Thread 0x0000020eee9a0a30 nmethod 3056 0x0000020ed379a810 code [0x0000020ed379a9a0, 0x0000020ed379aae8]
Event: 57.448 Thread 0x0000020eee99ec10 3057       4       processing.opengl.PGraphicsOpenGL$TessGeometry::calcPolyNormal (353 bytes)
Event: 57.451 Thread 0x0000020eee99ec10 nmethod 3057 0x0000020edaf71b90 code [0x0000020edaf71d20, 0x0000020edaf726d8]
Event: 57.451 Thread 0x0000020eee99ec10 3058       4       sun.util.locale.provider.CalendarDataUtility::findRegionOverride (108 bytes)
Event: 57.452 Thread 0x0000020eee99ec10 nmethod 3058 0x0000020edaf72b90 code [0x0000020edaf72d00, 0x0000020edaf72d98]
Event: 57.452 Thread 0x0000020eee99ec10 3059       4       sun.util.locale.provider.JRELocaleProviderAdapter::getLocaleResources (51 bytes)
Event: 57.454 Thread 0x0000020eee99ec10 nmethod 3059 0x0000020edaf72f10 code [0x0000020edaf730c0, 0x0000020edaf73498]

GC Heap History (20 events):
Event: 55.313 GC heap before
{Heap before GC invocations=127 (full 0):
 garbage-first heap   total 374784K, used 171591K [0x0000000704a00000, 0x0000000800000000)
  region size 2048K, 4 young (8192K), 1 survivors (2048K)
 Metaspace       used 16056K, committed 16256K, reserved 1114112K
  class space    used 1150K, committed 1280K, reserved 1048576K
}
Event: 55.314 GC heap after
{Heap after GC invocations=128 (full 0):
 garbage-first heap   total 374784K, used 20037K [0x0000000704a00000, 0x0000000800000000)
  region size 2048K, 1 young (2048K), 1 survivors (2048K)
 Metaspace       used 16056K, committed 16256K, reserved 1114112K
  class space    used 1150K, committed 1280K, reserved 1048576K
}
Event: 55.527 GC heap before
{Heap before GC invocations=128 (full 0):
 garbage-first heap   total 374784K, used 171589K [0x0000000704a00000, 0x0000000800000000)
  region size 2048K, 4 young (8192K), 1 survivors (2048K)
 Metaspace       used 16056K, committed 16256K, reserved 1114112K
  class space    used 1150K, committed 1280K, reserved 1048576K
}
Event: 55.528 GC heap after
{Heap after GC invocations=129 (full 0):
 garbage-first heap   total 374784K, used 20044K [0x0000000704a00000, 0x0000000800000000)
  region size 2048K, 1 young (2048K), 1 survivors (2048K)
 Metaspace       used 16056K, committed 16256K, reserved 1114112K
  class space    used 1150K, committed 1280K, reserved 1048576K
}
Event: 55.756 GC heap before
{Heap before GC invocations=129 (full 0):
 garbage-first heap   total 374784K, used 171596K [0x0000000704a00000, 0x0000000800000000)
  region size 2048K, 4 young (8192K), 1 survivors (2048K)
 Metaspace       used 16063K, committed 16256K, reserved 1114112K
  class space    used 1150K, committed 1280K, reserved 1048576K
}
Event: 55.757 GC heap after
{Heap after GC invocations=130 (full 0):
 garbage-first heap   total 374784K, used 20051K [0x0000000704a00000, 0x0000000800000000)
  region size 2048K, 1 young (2048K), 1 survivors (2048K)
 Metaspace       used 16063K, committed 16256K, reserved 1114112K
  class space    used 1150K, committed 1280K, reserved 1048576K
}
Event: 55.982 GC heap before
{Heap before GC invocations=130 (full 0):
 garbage-first heap   total 374784K, used 169555K [0x0000000704a00000, 0x0000000800000000)
  region size 2048K, 3 young (6144K), 1 survivors (2048K)
 Metaspace       used 16063K, committed 16256K, reserved 1114112K
  class space    used 1150K, committed 1280K, reserved 1048576K
}
Event: 55.983 GC heap after
{Heap after GC invocations=131 (full 0):
 garbage-first heap   total 374784K, used 20050K [0x0000000704a00000, 0x0000000800000000)
  region size 2048K, 1 young (2048K), 1 survivors (2048K)
 Metaspace       used 16063K, committed 16256K, reserved 1114112K
  class space    used 1150K, committed 1280K, reserved 1048576K
}
Event: 56.207 GC heap before
{Heap before GC invocations=131 (full 0):
 garbage-first heap   total 374784K, used 169554K [0x0000000704a00000, 0x0000000800000000)
  region size 2048K, 3 young (6144K), 1 survivors (2048K)
 Metaspace       used 16063K, committed 16256K, reserved 1114112K
  class space    used 1150K, committed 1280K, reserved 1048576K
}
Event: 56.208 GC heap after
{Heap after GC invocations=132 (full 0):
 garbage-first heap   total 374784K, used 20050K [0x0000000704a00000, 0x0000000800000000)
  region size 2048K, 1 young (2048K), 1 survivors (2048K)
 Metaspace       used 16063K, committed 16256K, reserved 1114112K
  class space    used 1150K, committed 1280K, reserved 1048576K
}
Event: 56.424 GC heap before
{Heap before GC invocations=132 (full 0):
 garbage-first heap   total 374784K, used 169554K [0x0000000704a00000, 0x0000000800000000)
  region size 2048K, 3 young (6144K), 1 survivors (2048K)
 Metaspace       used 16063K, committed 16256K, reserved 1114112K
  class space    used 1150K, committed 1280K, reserved 1048576K
}
Event: 56.425 GC heap after
{Heap after GC invocations=133 (full 0):
 garbage-first heap   total 374784K, used 20050K [0x0000000704a00000, 0x0000000800000000)
  region size 2048K, 1 young (2048K), 1 survivors (2048K)
 Metaspace       used 16063K, committed 16256K, reserved 1114112K
  class space    used 1150K, committed 1280K, reserved 1048576K
}
Event: 56.650 GC heap before
{Heap before GC invocations=133 (full 0):
 garbage-first heap   total 374784K, used 169554K [0x0000000704a00000, 0x0000000800000000)
  region size 2048K, 3 young (6144K), 1 survivors (2048K)
 Metaspace       used 16063K, committed 16256K, reserved 1114112K
  class space    used 1150K, committed 1280K, reserved 1048576K
}
Event: 56.651 GC heap after
{Heap after GC invocations=134 (full 0):
 garbage-first heap   total 374784K, used 20055K [0x0000000704a00000, 0x0000000800000000)
  region size 2048K, 1 young (2048K), 1 survivors (2048K)
 Metaspace       used 16063K, committed 16256K, reserved 1114112K
  class space    used 1150K, committed 1280K, reserved 1048576K
}
Event: 56.879 GC heap before
{Heap before GC invocations=134 (full 0):
 garbage-first heap   total 374784K, used 169559K [0x0000000704a00000, 0x0000000800000000)
  region size 2048K, 3 young (6144K), 1 survivors (2048K)
 Metaspace       used 16063K, committed 16256K, reserved 1114112K
  class space    used 1150K, committed 1280K, reserved 1048576K
}
Event: 56.880 GC heap after
{Heap after GC invocations=135 (full 0):
 garbage-first heap   total 374784K, used 20050K [0x0000000704a00000, 0x0000000800000000)
  region size 2048K, 1 young (2048K), 1 survivors (2048K)
 Metaspace       used 16063K, committed 16256K, reserved 1114112K
  class space    used 1150K, committed 1280K, reserved 1048576K
}
Event: 57.099 GC heap before
{Heap before GC invocations=135 (full 0):
 garbage-first heap   total 374784K, used 169554K [0x0000000704a00000, 0x0000000800000000)
  region size 2048K, 3 young (6144K), 1 survivors (2048K)
 Metaspace       used 16063K, committed 16256K, reserved 1114112K
  class space    used 1150K, committed 1280K, reserved 1048576K
}
Event: 57.100 GC heap after
{Heap after GC invocations=136 (full 0):
 garbage-first heap   total 374784K, used 20046K [0x0000000704a00000, 0x0000000800000000)
  region size 2048K, 1 young (2048K), 1 survivors (2048K)
 Metaspace       used 16063K, committed 16256K, reserved 1114112K
  class space    used 1150K, committed 1280K, reserved 1048576K
}
Event: 57.314 GC heap before
{Heap before GC invocations=136 (full 0):
 garbage-first heap   total 374784K, used 169550K [0x0000000704a00000, 0x0000000800000000)
  region size 2048K, 3 young (6144K), 1 survivors (2048K)
 Metaspace       used 16063K, committed 16256K, reserved 1114112K
  class space    used 1150K, committed 1280K, reserved 1048576K
}
Event: 57.315 GC heap after
{Heap after GC invocations=137 (full 0):
 garbage-first heap   total 374784K, used 20055K [0x0000000704a00000, 0x0000000800000000)
  region size 2048K, 1 young (2048K), 1 survivors (2048K)
 Metaspace       used 16063K, committed 16256K, reserved 1114112K
  class space    used 1150K, committed 1280K, reserved 1048576K
}

Dll operation events (18 events):
Event: 0.007 Loaded shared library C:\Program Files\Processing\app\resources\jdk\bin\java.dll
Event: 0.024 Loaded shared library C:\Program Files\Processing\app\resources\jdk\bin\jsvml.dll
Event: 0.117 Loaded shared library C:\Program Files\Processing\app\resources\jdk\bin\net.dll
Event: 0.118 Loaded shared library C:\Program Files\Processing\app\resources\jdk\bin\nio.dll
Event: 0.121 Loaded shared library C:\Program Files\Processing\app\resources\jdk\bin\zip.dll
Event: 0.166 Loaded shared library C:\Program Files\Processing\app\resources\jdk\bin\jimage.dll
Event: 0.170 Loaded shared library C:\Program Files\Processing\app\resources\jdk\bin\awt.dll
Event: 0.401 Loaded shared library C:\Users\CIFOG\AppData\Local\Temp\jogamp_0000\file_cache\jln17183870671580672405\jln6268043470348121691\natives\windows-amd64\gluegen_rt.dll
Event: 0.408 Loaded shared library C:\Program Files\Processing\app\resources\jdk\bin\jawt.dll
Event: 0.417 Loaded shared library C:\Users\CIFOG\AppData\Local\Temp\jogamp_0000\file_cache\jln17183870671580672405\jln6268043470348121691\natives\windows-amd64\nativewindow_awt.dll
Event: 0.436 Loaded shared library C:\Users\CIFOG\AppData\Local\Temp\jogamp_0000\file_cache\jln17183870671580672405\jln6268043470348121691\natives\windows-amd64\nativewindow_win32.dll
Event: 0.492 Loaded shared library C:\Users\CIFOG\AppData\Local\Temp\jogamp_0000\file_cache\jln17183870671580672405\jln6268043470348121691\natives\windows-amd64\jogl_desktop.dll
Event: 0.555 Loaded shared library C:\Users\CIFOG\AppData\Local\Temp\jogamp_0000\file_cache\jln17183870671580672405\jln6268043470348121691\natives\windows-amd64\jogl_mobile.dll
Event: 0.878 Loaded shared library C:\Users\CIFOG\AppData\Local\Temp\jogamp_0000\file_cache\jln17183870671580672405\jln6268043470348121691\natives\windows-amd64\newt_head.dll
Event: 1.213 Loaded shared library C:\Program Files\Processing\app\resources\jdk\bin\verify.dll
Event: 1.227 Loaded shared library C:\Users\CIFOG\AppData\Local\Temp\nativelib-loader_13461565917818977406\jssc.dll
Event: 1.234 Loaded shared library C:\Program Files\Processing\app\resources\jdk\bin\freetype.dll
Event: 1.234 Loaded shared library C:\Program Files\Processing\app\resources\jdk\bin\fontmanager.dll

Deoptimization events (20 events):
Event: 57.422 Thread 0x0000020ef6562970 DEOPT PACKING pc=0x0000020ed34fc361 sp=0x0000004636cfe8d0
Event: 57.422 Thread 0x0000020ef6562970 DEOPT UNPACKING pc=0x0000020eda627143 sp=0x0000004636cfddc0 mode 1
Event: 57.422 Thread 0x0000020ef6562970 DEOPT PACKING pc=0x0000020ed34fb594 sp=0x0000004636cfe960
Event: 57.422 Thread 0x0000020ef6562970 DEOPT UNPACKING pc=0x0000020eda627143 sp=0x0000004636cfde08 mode 1
Event: 57.422 Thread 0x0000020ef6562970 DEOPT PACKING pc=0x0000020ed34fc361 sp=0x0000004636cfe960
Event: 57.422 Thread 0x0000020ef6562970 DEOPT UNPACKING pc=0x0000020eda627143 sp=0x0000004636cfde50 mode 1
Event: 57.422 Thread 0x0000020ef6562970 DEOPT PACKING pc=0x0000020ed34fb594 sp=0x0000004636cfe9f0
Event: 57.422 Thread 0x0000020ef6562970 DEOPT UNPACKING pc=0x0000020eda627143 sp=0x0000004636cfde98 mode 1
Event: 57.440 Thread 0x0000020ef6562970 DEOPT PACKING pc=0x0000020ed34fc361 sp=0x0000004636cfe8d0
Event: 57.440 Thread 0x0000020ef6562970 DEOPT UNPACKING pc=0x0000020eda627143 sp=0x0000004636cfddc0 mode 1
Event: 57.440 Thread 0x0000020ef6562970 DEOPT PACKING pc=0x0000020ed34fb594 sp=0x0000004636cfe960
Event: 57.440 Thread 0x0000020ef6562970 DEOPT UNPACKING pc=0x0000020eda627143 sp=0x0000004636cfde08 mode 1
Event: 57.440 Thread 0x0000020ef6562970 DEOPT PACKING pc=0x0000020ed34fc361 sp=0x0000004636cfe960
Event: 57.440 Thread 0x0000020ef6562970 DEOPT UNPACKING pc=0x0000020eda627143 sp=0x0000004636cfde50 mode 1
Event: 57.440 Thread 0x0000020ef6562970 DEOPT PACKING pc=0x0000020ed34fb594 sp=0x0000004636cfe9f0
Event: 57.440 Thread 0x0000020ef6562970 DEOPT UNPACKING pc=0x0000020eda627143 sp=0x0000004636cfde98 mode 1
Event: 57.443 Thread 0x0000020ef6561a40 Uncommon trap: trap_request=0xffffff45 fr.pc=0x0000020edaf66160 relative=0x0000000000000140
Event: 57.443 Thread 0x0000020ef6561a40 Uncommon trap: reason=unstable_if action=reinterpret pc=0x0000020edaf66160 method=java.lang.ThreadLocal.get()Ljava/lang/Object; @ 11 c2
Event: 57.443 Thread 0x0000020ef6561a40 DEOPT PACKING pc=0x0000020edaf66160 sp=0x00000046369fc9a0
Event: 57.443 Thread 0x0000020ef6561a40 DEOPT UNPACKING pc=0x0000020eda6269a3 sp=0x00000046369fc940 mode 2

Classes unloaded (0 events):
No events

Classes redefined (0 events):
No events

Internal exceptions (20 events):
Event: 0.342 Thread 0x0000020ecb698400 Exception <a 'java/lang/NoSuchMethodError'{0x0000000713a8a2e8}: 'void java.lang.invoke.DirectMethodHandle$Holder.invokeStatic(java.lang.Object, long)'> (0x0000000713a8a2e8) 
thrown [s\src\hotspot\share\interpreter\linkResolver.cpp, line 759]
Event: 0.342 Thread 0x0000020ecb698400 Exception <a 'java/lang/NoSuchMethodError'{0x0000000713a8f8c8}: 'java.lang.Object java.lang.invoke.DirectMethodHandle$Holder.newInvokeSpecial(java.lang.Object, long)'> (0x0000000713a8f8c8) 
thrown [s\src\hotspot\share\interpreter\linkResolver.cpp, line 759]
Event: 0.343 Thread 0x0000020ecb698400 Exception <a 'java/lang/NoSuchMethodError'{0x0000000713a96b20}: 'java.lang.Object java.lang.invoke.DirectMethodHandle$Holder.invokeStatic(java.lang.Object, java.lang.Object, long, java.lang.Object)'> (0x0000000713a96b20) 
thrown [s\src\hotspot\share\interpreter\linkResolver.cpp, line 759]
Event: 0.343 Thread 0x0000020ecb698400 Exception <a 'java/lang/NoSuchMethodError'{0x0000000713a9a5b8}: 'java.lang.Object java.lang.invoke.DirectMethodHandle$Holder.invokeStaticInit(java.lang.Object, java.lang.Object, long, java.lang.Object)'> (0x0000000713a9a5b8) 
thrown [s\src\hotspot\share\interpreter\linkResolver.cpp, line 759]
Event: 0.343 Thread 0x0000020ecb698400 Exception <a 'java/lang/NoSuchMethodError'{0x0000000713aa0b78}: 'java.lang.Object java.lang.invoke.DirectMethodHandle$Holder.newInvokeSpecial(java.lang.Object, java.lang.Object, long)'> (0x0000000713aa0b78) 
thrown [s\src\hotspot\share\interpreter\linkResolver.cpp, line 759]
Event: 0.343 Thread 0x0000020ecb698400 Exception <a 'java/lang/NoSuchMethodError'{0x0000000713aa46e8}: 'java.lang.Object java.lang.invoke.Invokers$Holder.linkToTargetMethod(java.lang.Object, long, java.lang.Object)'> (0x0000000713aa46e8) 
thrown [s\src\hotspot\share\interpreter\linkResolver.cpp, line 759]
Event: 0.425 Thread 0x0000020ecb698400 Exception <a 'java/lang/NoSuchMethodError'{0x0000000713810dd0}: 'java.lang.Object java.lang.invoke.DirectMethodHandle$Holder.invokeInterface(java.lang.Object, java.lang.Object)'> (0x0000000713810dd0) 
thrown [s\src\hotspot\share\interpreter\linkResolver.cpp, line 759]
Event: 0.425 Thread 0x0000020ecb698400 Exception <a 'java/lang/IncompatibleClassChangeError'{0x00000007138145c8}: Found class java.lang.Object, but interface was expected> (0x00000007138145c8) 
thrown [s\src\hotspot\share\interpreter\linkResolver.cpp, line 826]
Event: 0.927 Thread 0x0000020ecb698400 Exception <a 'java/lang/NoSuchMethodError'{0x000000071364c4e0}: 'void java.lang.invoke.DirectMethodHandle$Holder.invokeSpecial(java.lang.Object, java.lang.Object, java.lang.Object, java.lang.Object, java.lang.Object)'> (0x000000071364c4e0) 
thrown [s\src\hotspot\share\interpreter\linkResolver.cpp, line 759]
Event: 0.928 Thread 0x0000020ecb698400 Exception <a 'java/lang/NoSuchMethodError'{0x0000000713655470}: 'void java.lang.invoke.DirectMethodHandle$Holder.invokeSpecial(java.lang.Object, java.lang.Object, java.lang.Object)'> (0x0000000713655470) 
thrown [s\src\hotspot\share\interpreter\linkResolver.cpp, line 759]
Event: 0.928 Thread 0x0000020ecb698400 Exception <a 'java/lang/NoSuchMethodError'{0x000000071365e670}: 'void java.lang.invoke.DirectMethodHandle$Holder.invokeSpecial(java.lang.Object, java.lang.Object, int)'> (0x000000071365e670) 
thrown [s\src\hotspot\share\interpreter\linkResolver.cpp, line 759]
Event: 0.929 Thread 0x0000020ecb698400 Exception <a 'java/lang/NoSuchMethodError'{0x0000000713664688}: 'java.lang.Object java.lang.invoke.DirectMethodHandle$Holder.newInvokeSpecial(java.lang.Object, java.lang.Object, int)'> (0x0000000713664688) 
thrown [s\src\hotspot\share\interpreter\linkResolver.cpp, line 759]
Event: 0.973 Thread 0x0000020ef6562460 Exception <a 'java/lang/NoSuchMethodError'{0x00000007137d7fb0}: 'java.lang.Object java.lang.invoke.DirectMethodHandle$Holder.newInvokeSpecial(java.lang.Object, java.lang.Object, java.lang.Object, int, int, int, int, int)'> (0x00000007137d7fb0) 
thrown [s\src\hotspot\share\interpreter\linkResolver.cpp, line 759]
Event: 6.262 Thread 0x0000020ef6562970 Exception <a 'java/lang/NoSuchMethodError'{0x00000007120ba970}: 'void java.lang.invoke.DirectMethodHandle$Holder.invokeStatic(java.lang.Object, java.lang.Object)'> (0x00000007120ba970) 
thrown [s\src\hotspot\share\interpreter\linkResolver.cpp, line 759]
Event: 27.296 Thread 0x0000020ef6562970 Exception <a 'java/net/ConnectException'{0x00000007120c03c8}: Connection timed out: connect> (0x00000007120c03c8) 
thrown [s\src\hotspot\share\prims\jni.cpp, line 535]
Event: 27.298 Thread 0x0000020ef6562970 Exception <a 'java/net/SocketException'{0x00000007120c1978}: Socket is not connected: shutdown> (0x00000007120c1978) 
thrown [s\src\hotspot\share\prims\jni.cpp, line 535]
Event: 27.352 Thread 0x0000020ef6562970 Implicit null exception at 0x0000020edadd1641 to 0x0000020edadd2333
Event: 27.367 Thread 0x0000020ef6562970 Exception <a 'java/lang/NoSuchMethodError'{0x0000000711e054d0}: 'int java.lang.invoke.DirectMethodHandle$Holder.invokeSpecial(java.lang.Object, java.lang.Object, java.lang.Object)'> (0x0000000711e054d0) 
thrown [s\src\hotspot\share\interpreter\linkResolver.cpp, line 759]
Event: 57.443 Thread 0x0000020ef6561a40 Implicit null exception at 0x0000020edaf66064 to 0x0000020edaf66148
Event: 57.456 Thread 0x0000020ef6563390 Exception <a 'java/lang/InterruptedException'{0x000000071b570b98}> (0x000000071b570b98) 
thrown [s\src\hotspot\share\runtime\objectMonitor.cpp, line 1658]

VM Operations (20 events):
Event: 55.528 Executing VM operation: G1TryInitiateConcMark done
Event: 55.756 Executing VM operation: G1TryInitiateConcMark
Event: 55.757 Executing VM operation: G1TryInitiateConcMark done
Event: 55.982 Executing VM operation: G1TryInitiateConcMark
Event: 55.983 Executing VM operation: G1TryInitiateConcMark done
Event: 56.207 Executing VM operation: G1TryInitiateConcMark
Event: 56.208 Executing VM operation: G1TryInitiateConcMark done
Event: 56.424 Executing VM operation: G1TryInitiateConcMark
Event: 56.425 Executing VM operation: G1TryInitiateConcMark done
Event: 56.649 Executing VM operation: G1TryInitiateConcMark
Event: 56.651 Executing VM operation: G1TryInitiateConcMark done
Event: 56.878 Executing VM operation: G1TryInitiateConcMark
Event: 56.880 Executing VM operation: G1TryInitiateConcMark done
Event: 57.099 Executing VM operation: G1TryInitiateConcMark
Event: 57.100 Executing VM operation: G1TryInitiateConcMark done
Event: 57.314 Executing VM operation: G1TryInitiateConcMark
Event: 57.315 Executing VM operation: G1TryInitiateConcMark done
Event: 57.443 Executing VM operation: HandshakeAllThreads
Event: 57.443 Executing VM operation: HandshakeAllThreads done
Event: 57.561 Executing VM operation: Exit

Events (20 events):
Event: 56.308 Thread 0x0000020f00c9c830 Thread exited: 0x0000020f00c9c830
Event: 57.443 loading class sun/nio/cs/UTF_8$Encoder
Event: 57.443 loading class sun/nio/cs/UTF_8$Encoder done
Event: 57.456 Thread 0x0000020ef4493170 Thread added: 0x0000020ef4493170
Event: 57.456 Thread 0x0000020ef6563390 Thread exited: 0x0000020ef6563390
Event: 57.456 Thread 0x0000020ef4493b90 Thread added: 0x0000020ef4493b90
Event: 57.456 Thread 0x0000020ef4497d60 Thread added: 0x0000020ef4497d60
Event: 57.456 Thread 0x0000020ef44940a0 Thread added: 0x0000020ef44940a0
Event: 57.457 loading class java/nio/channels/ClosedChannelException
Event: 57.457 loading class java/nio/channels/ClosedChannelException done
Event: 57.457 Thread 0x0000020ef4493170 Thread exited: 0x0000020ef4493170
Event: 57.457 loading class sun/font/SunFontManager$8$1
Event: 57.457 Thread 0x0000020ef44991a0 Thread added: 0x0000020ef44991a0
Event: 57.457 loading class sun/font/SunFontManager$8$1 done
Event: 57.457 Thread 0x0000020ef6561a40 Thread exited: 0x0000020ef6561a40
Event: 57.457 Thread 0x0000020ef44940a0 Thread exited: 0x0000020ef44940a0
Event: 57.460 Thread 0x0000020ef4190980 Thread exited: 0x0000020ef4190980
Event: 57.490 Thread 0x0000020ef5a774e0 Thread exited: 0x0000020ef5a774e0
Event: 57.494 Thread 0x0000020ef4493b90 Thread exited: 0x0000020ef4493b90
Event: 57.558 Thread 0x0000020ef4497d60 Thread exited: 0x0000020ef4497d60


Dynamic libraries:
0x00007ff69b940000 - 0x00007ff69b94e000 	C:\Program Files\Processing\app\resources\jdk\bin\java.exe
0x00007ffae1110000 - 0x00007ffae1308000 	C:\Windows\SYSTEM32\ntdll.dll
0x00007ffadf1f0000 - 0x00007ffadf2b2000 	C:\Windows\System32\KERNEL32.DLL
0x00007ffade930000 - 0x00007ffadec26000 	C:\Windows\System32\KERNELBASE.dll
0x00007ffadef90000 - 0x00007ffadf090000 	C:\Windows\System32\ucrtbase.dll
0x00007ffab7fd0000 - 0x00007ffab7fe7000 	C:\Program Files\Processing\app\resources\jdk\bin\jli.dll
0x00007ffab7dc0000 - 0x00007ffab7dd9000 	C:\Program Files\Processing\app\resources\jdk\bin\VCRUNTIME140.dll
0x00007ffadf550000 - 0x00007ffadf6ed000 	C:\Windows\System32\USER32.dll
0x00007ffac37c0000 - 0x00007ffac3a5a000 	C:\Windows\WinSxS\amd64_microsoft.windows.common-controls_6595b64144ccf1df_6.0.19041.5915_none_60b4b9d171f9c7c7\COMCTL32.dll
0x00007ffade7a0000 - 0x00007ffade7c2000 	C:\Windows\System32\win32u.dll
0x00007ffadf130000 - 0x00007ffadf1ce000 	C:\Windows\System32\msvcrt.dll
0x00007ffadf880000 - 0x00007ffadf8ab000 	C:\Windows\System32\GDI32.dll
0x00007ffaded70000 - 0x00007ffadee89000 	C:\Windows\System32\gdi32full.dll
0x00007ffadf090000 - 0x00007ffadf12d000 	C:\Windows\System32\msvcp_win.dll
0x00007ffadf400000 - 0x00007ffadf42f000 	C:\Windows\System32\IMM32.DLL
0x00007ffab9af0000 - 0x00007ffab9afc000 	C:\Program Files\Processing\app\resources\jdk\bin\vcruntime140_1.dll
0x00007ffaa9660000 - 0x00007ffaa96f1000 	C:\Program Files\Processing\app\resources\jdk\bin\msvcp140.dll
0x00007ffa36a80000 - 0x00007ffa376cc000 	C:\Program Files\Processing\app\resources\jdk\bin\server\jvm.dll
0x00007ffadfb50000 - 0x00007ffadfc01000 	C:\Windows\System32\ADVAPI32.dll
0x00007ffae0080000 - 0x00007ffae011f000 	C:\Windows\System32\sechost.dll
0x00007ffadf990000 - 0x00007ffadfab3000 	C:\Windows\System32\RPCRT4.dll
0x00007ffadef60000 - 0x00007ffadef87000 	C:\Windows\System32\bcrypt.dll
0x00007ffad9120000 - 0x00007ffad9129000 	C:\Windows\SYSTEM32\WSOCK32.dll
0x00007ffaddd20000 - 0x00007ffaddd6b000 	C:\Windows\SYSTEM32\POWRPROF.dll
0x00007ffacfc60000 - 0x00007ffacfc87000 	C:\Windows\SYSTEM32\WINMM.dll
0x00007ffadfdd0000 - 0x00007ffadfe3b000 	C:\Windows\System32\WS2_32.dll
0x00007ffad3950000 - 0x00007ffad395a000 	C:\Windows\SYSTEM32\VERSION.dll
0x00007ffaddba0000 - 0x00007ffaddbb2000 	C:\Windows\SYSTEM32\UMPDC.dll
0x00007ffadcfc0000 - 0x00007ffadcfd2000 	C:\Windows\SYSTEM32\kernel.appcore.dll
0x00007ffab7fc0000 - 0x00007ffab7fca000 	C:\Program Files\Processing\app\resources\jdk\bin\jimage.dll
0x00007ffadc4d0000 - 0x00007ffadc6d1000 	C:\Windows\SYSTEM32\DBGHELP.DLL
0x00007ffad33d0000 - 0x00007ffad3404000 	C:\Windows\SYSTEM32\dbgcore.DLL
0x00007ffadec30000 - 0x00007ffadecb2000 	C:\Windows\System32\bcryptPrimitives.dll
0x00007ffaa9890000 - 0x00007ffaa98cb000 	C:\Program Files\Processing\app\resources\jdk\bin\jdwp.dll
0x00007ffaa9630000 - 0x00007ffaa9655000 	C:\Program Files\Processing\app\resources\jdk\bin\java.dll
0x00007ffaa9200000 - 0x00007ffaa92d6000 	C:\Program Files\Processing\app\resources\jdk\bin\jsvml.dll
0x00007ffae0120000 - 0x00007ffae088e000 	C:\Windows\System32\SHELL32.dll
0x00007ffadc800000 - 0x00007ffadcfa4000 	C:\Windows\SYSTEM32\windows.storage.dll
0x00007ffae0d60000 - 0x00007ffae10b3000 	C:\Windows\System32\combase.dll
0x00007ffade1d0000 - 0x00007ffade1fb000 	C:\Windows\SYSTEM32\Wldp.dll
0x00007ffadfe40000 - 0x00007ffadff0d000 	C:\Windows\System32\OLEAUT32.dll
0x00007ffadf2c0000 - 0x00007ffadf36d000 	C:\Windows\System32\SHCORE.dll
0x00007ffadffc0000 - 0x00007ffae001b000 	C:\Windows\System32\shlwapi.dll
0x00007ffade6d0000 - 0x00007ffade6f4000 	C:\Windows\SYSTEM32\profapi.dll
0x00007ffab7be0000 - 0x00007ffab7bec000 	C:\Program Files\Processing\app\resources\jdk\bin\dt_socket.dll
0x00007ffaddbc0000 - 0x00007ffaddbfb000 	C:\Windows\SYSTEM32\IPHLPAPI.DLL
0x00007ffaddf30000 - 0x00007ffaddf9a000 	C:\Windows\system32\mswsock.dll
0x00007ffab6570000 - 0x00007ffab6589000 	C:\Program Files\Processing\app\resources\jdk\bin\net.dll
0x00007ffad8120000 - 0x00007ffad822a000 	C:\Windows\SYSTEM32\WINHTTP.dll
0x00007ffab5180000 - 0x00007ffab5195000 	C:\Program Files\Processing\app\resources\jdk\bin\nio.dll
0x00007ffaabc10000 - 0x00007ffaabc28000 	C:\Program Files\Processing\app\resources\jdk\bin\zip.dll
0x00007ffaa9070000 - 0x00007ffaa91fe000 	C:\Program Files\Processing\app\resources\jdk\bin\awt.dll
0x00007ffad7e10000 - 0x00007ffad7ea4000 	C:\Windows\SYSTEM32\apphelp.dll
0x00007ffadbb10000 - 0x00007ffadbbae000 	C:\Windows\system32\uxtheme.dll
0x00007ffadf430000 - 0x00007ffadf545000 	C:\Windows\System32\MSCTF.dll
0x00007ffadf6f0000 - 0x00007ffadf81b000 	C:\Windows\System32\ole32.dll
0x00007ffadbf10000 - 0x00007ffadbf3f000 	C:\Windows\system32\DWMAPI.DLL
0x00007ffa70ae0000 - 0x00007ffa70c08000 	C:\Windows\system32\opengl32.dll
0x00007ffa70a90000 - 0x00007ffa70abc000 	C:\Windows\SYSTEM32\GLU32.dll
0x00007ffade130000 - 0x00007ffade148000 	C:\Windows\SYSTEM32\CRYPTSP.dll
0x00007ffadd7e0000 - 0x00007ffadd818000 	C:\Windows\system32\rsaenh.dll
0x00007ffade690000 - 0x00007ffade6be000 	C:\Windows\SYSTEM32\USERENV.dll
0x00007ffade120000 - 0x00007ffade12c000 	C:\Windows\SYSTEM32\CRYPTBASE.dll
0x00007ffae10c0000 - 0x00007ffae10c8000 	C:\Windows\System32\NSI.dll
0x00007ffad5c20000 - 0x00007ffad5c37000 	C:\Windows\SYSTEM32\dhcpcsvc6.DLL
0x00007ffad5df0000 - 0x00007ffad5e0d000 	C:\Windows\SYSTEM32\dhcpcsvc.DLL
0x00007ffaddc00000 - 0x00007ffaddcca000 	C:\Windows\SYSTEM32\DNSAPI.dll
0x00007ffaa9870000 - 0x00007ffaa9883000 	C:\Users\CIFOG\AppData\Local\Temp\jogamp_0000\file_cache\jln17183870671580672405\jln6268043470348121691\natives\windows-amd64\gluegen_rt.dll
0x00007ffab7bd0000 - 0x00007ffab7bd7000 	C:\Program Files\Processing\app\resources\jdk\bin\jawt.dll
0x00007ffaaa910000 - 0x00007ffaaa91d000 	C:\Users\CIFOG\AppData\Local\Temp\jogamp_0000\file_cache\jln17183870671580672405\jln6268043470348121691\natives\windows-amd64\nativewindow_awt.dll
0x00007ffaa9560000 - 0x00007ffaa9575000 	C:\Users\CIFOG\AppData\Local\Temp\jogamp_0000\file_cache\jln17183870671580672405\jln6268043470348121691\natives\windows-amd64\nativewindow_win32.dll
0x00007ffa9ed60000 - 0x00007ffa9ede3000 	C:\Users\CIFOG\AppData\Local\Temp\jogamp_0000\file_cache\jln17183870671580672405\jln6268043470348121691\natives\windows-amd64\jogl_desktop.dll
0x00007ffaa55c0000 - 0x00007ffaa5612000 	C:\Users\CIFOG\AppData\Local\Temp\jogamp_0000\file_cache\jln17183870671580672405\jln6268043470348121691\natives\windows-amd64\jogl_mobile.dll
0x00007ffadff10000 - 0x00007ffadffb9000 	C:\Windows\System32\clbcatq.dll
0x00007ffa342b0000 - 0x00007ffa35337000 	C:\Windows\System32\DriverStore\FileRepository\iigd_dch.inf_amd64_357acc06f2c40efb\igxelpicd64.dll
0x00007ffadd030000 - 0x00007ffadd126000 	C:\Windows\system32\dxgi.dll
0x00007ffa9ec20000 - 0x00007ffa9ed5c000 	C:\Windows\System32\DriverStore\FileRepository\iigd_dch.inf_amd64_357acc06f2c40efb\igdml64.dll
0x00007ffac90d0000 - 0x00007ffac94d9000 	C:\Windows\System32\DriverStore\FileRepository\iigd_dch.inf_amd64_357acc06f2c40efb\igdgmm64.dll
0x00007ffac4a40000 - 0x00007ffac90c4000 	C:\Windows\System32\DriverStore\FileRepository\iigd_dch.inf_amd64_357acc06f2c40efb\igc64.dll
0x00007ffaa9520000 - 0x00007ffaa9539000 	C:\Users\CIFOG\AppData\Local\Temp\jogamp_0000\file_cache\jln17183870671580672405\jln6268043470348121691\natives\windows-amd64\newt_head.dll
0x00007ffad6020000 - 0x00007ffad60ce000 	C:\Windows\SYSTEM32\mscms.dll
0x00007ffad6000000 - 0x00007ffad6011000 	C:\Windows\SYSTEM32\ColorAdapterClient.dll
0x00007ffaa67e0000 - 0x00007ffaa6825000 	C:\Windows\SYSTEM32\icm32.dll
0x00007ffae0890000 - 0x00007ffae0d00000 	C:\Windows\System32\setupapi.dll
0x00007ffadee90000 - 0x00007ffadeede000 	C:\Windows\System32\cfgmgr32.dll
0x00007ffade530000 - 0x00007ffade563000 	C:\Windows\SYSTEM32\DEVOBJ.dll
0x00007ffadeee0000 - 0x00007ffadef53000 	C:\Windows\System32\WINTRUST.dll
0x00007ffade7d0000 - 0x00007ffade92d000 	C:\Windows\System32\CRYPT32.dll
0x00007ffade360000 - 0x00007ffade372000 	C:\Windows\SYSTEM32\MSASN1.dll
0x00007ffab9e80000 - 0x00007ffab9f79000 	C:\Windows\SYSTEM32\textinputframework.dll
0x00007ffad7bd0000 - 0x00007ffad7cc2000 	C:\Windows\System32\CoreMessaging.dll
0x00007ffad7460000 - 0x00007ffad77bb000 	C:\Windows\System32\CoreUIComponents.dll
0x00007ffad83b0000 - 0x00007ffad8507000 	C:\Windows\SYSTEM32\wintypes.dll
0x00007ffadda30000 - 0x00007ffadda63000 	C:\Windows\SYSTEM32\ntmarta.dll
0x00007ffaa9d40000 - 0x00007ffaa9d50000 	C:\Program Files\Processing\app\resources\jdk\bin\verify.dll
0x0000000070e80000 - 0x0000000070e9e000 	C:\Users\CIFOG\AppData\Local\Temp\nativelib-loader_13461565917818977406\jssc.dll
0x00007ffa9ce00000 - 0x00007ffa9ce86000 	C:\Program Files\Processing\app\resources\jdk\bin\freetype.dll
0x00007ffa94770000 - 0x00007ffa94843000 	C:\Program Files\Processing\app\resources\jdk\bin\fontmanager.dll

dbghelp: loaded successfully - version: 4.0.5 - missing functions: none
symbol engine: initialized successfully - sym options: 0x614 - pdb path: .;C:\Program Files\Processing\app\resources\jdk\bin;C:\Windows\SYSTEM32;C:\Windows\WinSxS\amd64_microsoft.windows.common-controls_6595b64144ccf1df_6.0.19041.5915_none_60b4b9d171f9c7c7;C:\Program Files\Processing\app\resources\jdk\bin\server;C:\Users\CIFOG\AppData\Local\Temp\jogamp_0000\file_cache\jln17183870671580672405\jln6268043470348121691\natives\windows-amd64;C:\Windows\System32\DriverStore\FileRepository\iigd_dch.inf_amd64_357acc06f2c40efb;C:\Users\CIFOG\AppData\Local\Temp\nativelib-loader_13461565917818977406

VM Arguments:
jvm_args: -agentlib:jdwp=transport=dt_socket,address=8053,server=y,suspend=y,quiet=y -Djna.nosys=true -Djava.library.path=;C:\Program Files\Processing\app\resources\core\library;C:\Program Files\Processing\app\resources\modes\java\libraries\serial\library;C:\Program Files\Processing;C:\Windows\system32;C:\Windows;C:\Program Files\Common Files\Oracle\Java\javapath;C:\Program Files (x86)\Common Files\Oracle\Java\java8path;C:\Program Files (x86)\Common Files\Intel\Shared Libraries\redist\intel64\compiler;C:\Windows\system32;C:\Windows;C:\Windows\System32\Wbem;C:\Windows\System32\WindowsPowerShell\v1.0;C:\Windows\System32\OpenSSH;C:\Program Files\NVIDIA Corporation\NVIDIA NvDLISR;C:\Program Files (x86)\NVIDIA Corporation\PhysX\Common;C:\Program Files\dotnet;C:\Users\CIFOG\AppData\Local\Microsoft\WindowsApps;C:\Users\CIFOG\AppData\Local\GitHubDesktop\bin;C:\Program Files\Processing\app;. -ea 
java_command: processing.core.PApplet --editor-location=418,132 --external --display=1 --sketch-path=C:\Git\arduino-bubbles\video_processing video_processing
java_class_path (initial): C:\Users\CIFOG\AppData\Local\Temp\processing\video_processing18301098451447854917temp;C:\Program Files\Processing\app\resources\core\library\annotations-13.0.jar;C:\Program Files\Processing\app\resources\core\library\antlr-2.7.7.jar;C:\Program Files\Processing\app\resources\core\library\core-4.4.4.jar;C:\Program Files\Processing\app\resources\core\library\gluegen-rt-2.5.0-natives-android-aarch64.jar;C:\Program Files\Processing\app\resources\core\library\gluegen-rt-2.5.0-natives-linux-aarch64.jar;C:\Program Files\Processing\app\resources\core\library\gluegen-rt-2.5.0-natives-linux-amd64.jar;C:\Program Files\Processing\app\resources\core\library\gluegen-rt-2.5.0-natives-linux-armv6hf.jar;C:\Program Files\Processing\app\resources\core\library\gluegen-rt-2.5.0-natives-macosx-universal.jar;C:\Program Files\Processing\app\resources\core\library\gluegen-rt-2.5.0-natives-windows-amd64.jar;C:\Program Files\Processing\app\resources\core\library\gluegen-rt-2.5.0.jar;C:\Program Files\Processing\app\resources\core\library\gluegen-rt-main-2.5.0.jar;C:\Program Files\Processing\app\resources\core\library\jogl-all-2.5.0-natives-android-aarch64.jar;C:\Program Files\Processing\app\resources\core\library\jogl-all-2.5.0-natives-linux-aarch64.jar;C:\Program Files\Processing\app\resources\core\library\jogl-all-2.5.0-natives-linux-amd64.jar;C:\Program Files\Processing\app\resources\core\library\jogl-all-2.5.0-natives-linux-armv6hf.jar;C:\Program Files\Processing\app\resources\core\library\jogl-all-2.5.0-natives-macosx-universal.jar;C:\Program Files\Processing\app\resources\core\library\jogl-all-2.5.0-natives-windows-amd64.jar;C:\Program Files\Processing\app\resources\core\library\jogl-all-2.5.0.jar;C:\Program Files\Processing\app\resources\core\library\jogl-all-main-2.5.0.jar;C:\Program Files\Processing\app\resources\core\library\kotlin-stdlib-2.0.20.jar;C:\Program Files\Processing\app\resources\modes\java\libraries\serial\library\jssc.jar;C:\Program Files\Proc
Launcher Type: SUN_STANDARD

[Global flags]
     intx CICompilerCount                          = 12                                        {product} {ergonomic}
     uint ConcGCThreads                            = 4                                         {product} {ergonomic}
     uint G1ConcRefinementThreads                  = 15                                        {product} {ergonomic}
   size_t G1HeapRegionSize                         = 2097152                                   {product} {ergonomic}
    uintx GCDrainStackTargetSize                   = 64                                        {product} {ergonomic}
   size_t InitialHeapSize                          = 264241152                                 {product} {ergonomic}
   size_t MarkStackSize                            = 4194304                                   {product} {ergonomic}
   size_t MaxHeapSize                              = 4217372672                                {product} {ergonomic}
   size_t MaxNewSize                               = 2529165312                                {product} {ergonomic}
   size_t MinHeapDeltaBytes                        = 2097152                                   {product} {ergonomic}
   size_t MinHeapSize                              = 8388608                                   {product} {ergonomic}
    uintx NonNMethodCodeHeapSize                   = 7602480                                {pd product} {ergonomic}
    uintx NonProfiledCodeHeapSize                  = 122027880                              {pd product} {ergonomic}
    uintx ProfiledCodeHeapSize                     = 122027880                              {pd product} {ergonomic}
    uintx ReservedCodeCacheSize                    = 251658240                              {pd product} {ergonomic}
     bool SegmentedCodeCache                       = true                                      {product} {ergonomic}
   size_t SoftMaxHeapSize                          = 4217372672                             {manageable} {ergonomic}
     bool UseCompressedClassPointers               = true                           {product lp64_product} {ergonomic}
     bool UseCompressedOops                        = true                           {product lp64_product} {ergonomic}
     bool UseG1GC                                  = true                                      {product} {ergonomic}
     bool UseLargePagesIndividualAllocation        = false                                  {pd product} {ergonomic}

Logging:
Log output configuration:
 #0: stdout all=off uptime,level,tags
 #1: stderr all=off uptime,level,tags

Environment Variables:
PATH=C:\Program Files\Common Files\Oracle\Java\javapath;C:\Program Files (x86)\Common Files\Oracle\Java\java8path;C:\Program Files (x86)\Common Files\Oracle\Java\javapath;C:\Program Files (x86)\Common Files\Intel\Shared Libraries\redist\intel64\compiler;C:\Windows\system32;C:\Windows;C:\Windows\System32\Wbem;C:\Windows\System32\WindowsPowerShell\v1.0\;C:\Windows\System32\OpenSSH\;C:\Program Files\NVIDIA Corporation\NVIDIA NvDLISR;C:\Program Files (x86)\NVIDIA Corporation\PhysX\Common;C:\Program Files\dotnet\;C:\Users\CIFOG\AppData\Local\Microsoft\WindowsApps;C:\Users\CIFOG\.dotnet\tools;C:\Users\CIFOG\AppData\Local\GitHubDesktop\bin;C:\Program Files\Processing\app
USERNAME=CIFOG
OS=Windows_NT
PROCESSOR_IDENTIFIER=Intel64 Family 6 Model 154 Stepping 3, GenuineIntel
TMP=C:\Users\CIFOG\AppData\Local\Temp
TEMP=C:\Users\CIFOG\AppData\Local\Temp



---------------  S Y S T E M  ---------------

OS:
 Windows 10 , 64 bit Build 19041 (10.0.19041.5915)
OS uptime: 5 days 7:10 hours

CPU: total 20 (initial active 20) (20 cores per cpu, 1 threads per core) family 6 model 154 stepping 3 microcode 0x413, cx8, cmov, fxsr, mmx, 3dnowpref, sse, sse2, sse3, ssse3, sse4.1, sse4.2, popcnt, lzcnt, tsc, tscinvbit, avx, avx2, aes, erms, clmul, bmi1, bmi2, adx, sha, fma, vzeroupper, clflush, clflushopt, clwb
Processor Information for processor 0
  Max Mhz: 2700, Current Mhz: 2700, Mhz Limit: 2700
Processor Information for processor 1
  Max Mhz: 2700, Current Mhz: 2700, Mhz Limit: 2700
Processor Information for processor 2
  Max Mhz: 2700, Current Mhz: 2700, Mhz Limit: 2700
Processor Information for processor 3
  Max Mhz: 2700, Current Mhz: 2700, Mhz Limit: 2700
Processor Information for processor 4
  Max Mhz: 2700, Current Mhz: 2700, Mhz Limit: 2700
Processor Information for processor 5
  Max Mhz: 2700, Current Mhz: 2700, Mhz Limit: 2700
Processor Information for processor 6
  Max Mhz: 2700, Current Mhz: 2700, Mhz Limit: 2700
Processor Information for processor 7
  Max Mhz: 2700, Current Mhz: 2700, Mhz Limit: 2700
Processor Information for processor 8
  Max Mhz: 2700, Current Mhz: 2700, Mhz Limit: 2700
Processor Information for processor 9
  Max Mhz: 2700, Current Mhz: 2700, Mhz Limit: 2700
Processor Information for processor 10
  Max Mhz: 2700, Current Mhz: 2700, Mhz Limit: 2700
Processor Information for processor 11
  Max Mhz: 2700, Current Mhz: 2700, Mhz Limit: 2700
Processor Information for processor 12
  Max Mhz: 2700, Current Mhz: 1995, Mhz Limit: 1971
Processor Information for processor 13
  Max Mhz: 2700, Current Mhz: 1995, Mhz Limit: 1971
Processor Information for processor 14
  Max Mhz: 2700, Current Mhz: 1995, Mhz Limit: 1971
Processor Information for processor 15
  Max Mhz: 2700, Current Mhz: 1995, Mhz Limit: 1971
Processor Information for processor 16
  Max Mhz: 2700, Current Mhz: 1995, Mhz Limit: 1971
Processor Information for processor 17
  Max Mhz: 2700, Current Mhz: 1995, Mhz Limit: 1971
Processor Information for processor 18
  Max Mhz: 2700, Current Mhz: 1995, Mhz Limit: 1971
Processor Information for processor 19
  Max Mhz: 2700, Current Mhz: 1995, Mhz Limit: 1971

Memory: 4k page, system-wide physical 16084M (7707M free)
TotalPageFile size 20942M (AvailPageFile size 10944M)
current process WorkingSet (physical memory assigned to process): 679M, peak: 714M
current process commit charge ("private bytes"): 821M, peak: 865M

vm_info: OpenJDK 64-Bit Server VM (17.0.8.1+1) for windows-amd64 JRE (17.0.8.1+1), built on Aug 23 2023 15:29:17 by "admin" with MS VC++ 16.7 (VS2019)

END.
